2025-04-28 22:51:47,250 - INFO - [31m[1mWARNING: This is a development server. Do not use it in a production deployment. Use a production WSGI server instead.[0m
 * Running on all addresses (0.0.0.0)
 * Running on http://127.0.0.1:2291
 * Running on http://10.2.0.46:2291
2025-04-28 22:51:47,251 - INFO - [33mPress CTRL+C to quit[0m
2025-04-28 22:51:47,264 - INFO -  * Restarting with stat
2025-04-28 22:51:48,429 - WARNING -  * Debugger is active!
2025-04-28 22:51:48,431 - INFO -  * Debugger PIN: 621-090-782
2025-04-28 22:51:55,481 - INFO - 10.2.0.46 - - [28/Apr/2025 22:51:55] "GET / HTTP/1.1" 200 -
2025-04-28 22:51:59,237 - INFO - 127.0.0.1 - - [28/Apr/2025 22:51:59] "GET /part-search/2000 HTTP/1.1" 200 -
2025-04-28 22:52:27,261 - INFO - patching driver executable C:\Users\Arsalan-Dev\appdata\roaming\undetected_chromedriver\undetected_chromedriver.exe
2025-04-28 22:52:30,088 - INFO - Chrome driver set up in 30.72s
2025-04-28 22:52:30,088 - INFO - Searching part in IGC: 2000
2025-04-28 22:52:30,089 - INFO - Searching part in IGC: 2000
2025-04-28 22:52:30,090 - INFO - Logging in to Import Glass Corp
2025-04-28 22:52:30,701 - INFO - Chrome driver set up in 0.61s
2025-04-28 22:52:30,702 - INFO - Searching part in Pilkington: 2000
2025-04-28 22:52:31,309 - INFO - Chrome driver set up in 0.61s
2025-04-28 22:52:31,310 - INFO - Searching part in MyGrant: 2000
2025-04-28 22:52:31,315 - INFO - Checking login status for MyGrant
2025-04-28 22:52:31,316 - INFO - Performing full login to MyGrant
2025-04-28 22:52:53,157 - INFO - Login successful - saved 6 cookies
2025-04-28 22:52:53,157 - INFO - Searching for part in MyGrant: 2000
2025-04-28 22:52:58,503 - INFO - Login successful - saved 3 cookies
2025-04-28 22:52:59,400 - INFO - Processing location: Doral, FL - (305) 477-9898
2025-04-28 22:52:59,594 - INFO - Found 3 parts at Doral, FL - (305) 477-9898
2025-04-28 22:52:59,609 - INFO - Processing location: Orlando, FL - (407) 859-6860
2025-04-28 22:52:59,858 - INFO - Found 4 parts at Orlando, FL - (407) 859-6860
2025-04-28 22:52:59,872 - INFO - Processing location: Tampa, FL - (813) 621-7500
2025-04-28 22:53:00,060 - INFO - Found 3 parts at Tampa, FL - (813) 621-7500
2025-04-28 22:53:00,074 - INFO - Processing location: Fort Lauderdale, FL - (954) 625-2463
2025-04-28 22:53:00,253 - INFO - Found 3 parts at Fort Lauderdale, FL - (954) 625-2463
2025-04-28 22:53:00,254 - INFO - Found 13 parts for 2000
2025-04-28 22:53:00,254 - INFO - MyGrant scraper completed in 29.55s
2025-04-28 22:53:00,263 - INFO - 127.0.0.1 - - [28/Apr/2025 22:53:00] "GET /products/2000 HTTP/1.1" 200 -
2025-04-28 22:53:00,740 - ERROR - Error in Pilkington scraper: Message: timeout: Timed out receiving message from renderer: 26.771
  (Session info: chrome=135.0.7049.115)
Stacktrace:
	GetHandleVerifier [0x0091C7F3+24435]
	(No symbol) [0x008A2074]
	(No symbol) [0x007706E3]
	(No symbol) [0x0076121B]
	(No symbol) [0x00760F51]
	(No symbol) [0x0075EE30]
	(No symbol) [0x0075F9DD]
	(No symbol) [0x0076BFE9]
	(No symbol) [0x0077D975]
	(No symbol) [0x00783236]
	(No symbol) [0x0075FFED]
	(No symbol) [0x0077D718]
	(No symbol) [0x007FF4F8]
	(No symbol) [0x007DD5B6]
	(No symbol) [0x007AC54F]
	(No symbol) [0x007AD894]
	GetHandleVerifier [0x00C270A3+3213347]
	GetHandleVerifier [0x00C3B0C9+3295305]
	GetHandleVerifier [0x00C3558C+3271948]
	GetHandleVerifier [0x009B7360+658144]
	(No symbol) [0x008AB27D]
	(No symbol) [0x008A8208]
	(No symbol) [0x008A83A9]
	(No symbol) [0x0089AAC0]
	BaseThreadInitThunk [0x75D75D49+25]
	RtlInitializeExceptionChain [0x76EBCF0B+107]
	RtlGetAppContainerNamedObjectPath [0x76EBCE91+561]

2025-04-28 22:53:00,744 - INFO - Pilkington scraper completed in 30.65s
2025-04-28 22:53:01,948 - INFO - Search submitted, waiting for results...
2025-04-28 22:53:03,670 - INFO - Found 4 matching part numbers
2025-04-28 22:53:03,670 - INFO - Processing part detail for DW02000
2025-04-28 22:53:03,671 - INFO - Using direct URL: https://importglasscorp.com/glass/DW02000/
2025-04-28 22:53:09,559 - INFO - Processing part detail for FW02000
2025-04-28 22:53:09,559 - INFO - Using direct URL: https://importglasscorp.com/glass/FW02000/
2025-04-28 22:53:17,278 - INFO - Found available part: FW02000, $237.97, Opa-Locka
2025-04-28 22:53:17,278 - INFO - Processing part detail for FD02000
2025-04-28 22:53:17,279 - INFO - Using direct URL: https://importglasscorp.com/glass/FD02000/
2025-04-28 22:53:19,739 - INFO - Processing part detail for WKTF2000
2025-04-28 22:53:19,740 - INFO - Using direct URL: https://importglasscorp.com/glass/WKTF2000/
2025-04-28 22:53:20,714 - INFO - Final results count: 1
2025-04-28 22:53:20,714 - INFO - IGC scraper completed in 81.35s
2025-04-28 22:53:20,720 - INFO - All scrapers completed in 81.45s
2025-04-28 22:53:52,415 - INFO -  * Detected change in 'c:\\Users\\Arsalan-Dev\\Desktop\\newdevelop\\Streamlit-PartsScraper\\app.py', reloading
2025-04-28 22:54:04,755 - INFO -  * Restarting with stat
2025-04-28 22:54:06,095 - WARNING -  * Debugger is active!
2025-04-28 22:54:06,097 - INFO -  * Debugger PIN: 621-090-782
2025-04-28 22:55:03,249 - INFO - [31m[1mWARNING: This is a development server. Do not use it in a production deployment. Use a production WSGI server instead.[0m
 * Running on all addresses (0.0.0.0)
 * Running on http://127.0.0.1:5000
 * Running on http://10.2.0.27:5000
2025-04-28 22:55:03,250 - INFO - [33mPress CTRL+C to quit[0m
2025-04-28 22:55:03,253 - INFO -  * Restarting with stat
2025-04-28 22:55:04,827 - WARNING -  * Debugger is active!
2025-04-28 22:55:04,830 - INFO -  * Debugger PIN: 621-090-782
2025-04-28 22:55:14,348 - INFO - 127.0.0.1 - - [28/Apr/2025 22:55:14] "GET / HTTP/1.1" 200 -
2025-04-28 22:55:58,039 - INFO -  * Detected change in 'c:\\Users\\Arsalan-Dev\\Desktop\\newdevelop\\Streamlit-PartsScraper\\app.py', reloading
2025-04-28 22:55:58,361 - INFO -  * Restarting with stat
2025-04-28 22:56:07,213 - INFO - [31m[1mWARNING: This is a development server. Do not use it in a production deployment. Use a production WSGI server instead.[0m
 * Running on all addresses (0.0.0.0)
 * Running on http://127.0.0.1:5000
 * Running on http://10.2.0.27:5000
2025-04-28 22:56:07,213 - INFO - [33mPress CTRL+C to quit[0m
2025-04-28 22:56:07,215 - INFO -  * Restarting with stat
2025-04-28 22:56:08,548 - WARNING -  * Debugger is active!
2025-04-28 22:56:08,550 - INFO -  * Debugger PIN: 621-090-782
2025-04-28 22:56:12,841 - INFO - 127.0.0.1 - - [28/Apr/2025 22:56:12] "GET / HTTP/1.1" 200 -
2025-04-28 22:56:15,975 - INFO - 127.0.0.1 - - [28/Apr/2025 22:56:15] "GET /part-search/2000 HTTP/1.1" 200 -
2025-04-28 22:56:26,055 - INFO - patching driver executable C:\Users\Arsalan-Dev\appdata\roaming\undetected_chromedriver\undetected_chromedriver.exe
2025-04-28 22:56:28,856 - INFO - Chrome driver set up in 12.64s
2025-04-28 22:56:28,856 - INFO - Searching part in IGC: 2000
2025-04-28 22:56:28,857 - INFO - Searching part in IGC: 2000
2025-04-28 22:56:28,857 - INFO - Logging in to Import Glass Corp
2025-04-28 22:56:29,445 - INFO - Chrome driver set up in 0.59s
2025-04-28 22:56:29,445 - INFO - Searching part in Pilkington: 2000
2025-04-28 22:56:30,093 - INFO - Chrome driver set up in 0.65s
2025-04-28 22:56:30,094 - INFO - Searching part in MyGrant: 2000
2025-04-28 22:56:30,094 - INFO - Checking login status for MyGrant
2025-04-28 22:56:30,095 - INFO - Performing full login to MyGrant
2025-04-28 22:56:37,362 - INFO - Login successful - saved 3 cookies
2025-04-28 22:56:38,074 - INFO - Login successful - saved 6 cookies
2025-04-28 22:56:38,074 - INFO - Searching for part in MyGrant: 2000
2025-04-28 22:56:39,868 - INFO - Search submitted, waiting for results...
2025-04-28 22:56:41,650 - INFO - Found 4 matching part numbers
2025-04-28 22:56:41,650 - INFO - Processing part detail for DW02000
2025-04-28 22:56:41,650 - INFO - Using direct URL: https://importglasscorp.com/glass/DW02000/
2025-04-28 22:56:42,317 - INFO - Logging form - trying to login
2025-04-28 22:56:44,147 - INFO - Processing location: Doral, FL - (305) 477-9898
2025-04-28 22:56:44,280 - INFO - Found 3 parts at Doral, FL - (305) 477-9898
2025-04-28 22:56:44,291 - INFO - Processing location: Orlando, FL - (407) 859-6860
2025-04-28 22:56:44,441 - INFO - Found 4 parts at Orlando, FL - (407) 859-6860
2025-04-28 22:56:44,448 - INFO - Processing location: Tampa, FL - (813) 621-7500
2025-04-28 22:56:44,607 - INFO - Found 3 parts at Tampa, FL - (813) 621-7500
2025-04-28 22:56:44,624 - INFO - Processing location: Fort Lauderdale, FL - (954) 625-2463
2025-04-28 22:56:44,801 - INFO - Found 3 parts at Fort Lauderdale, FL - (954) 625-2463
2025-04-28 22:56:44,801 - INFO - Found 13 parts for 2000
2025-04-28 22:56:44,803 - INFO - MyGrant scraper completed in 15.36s
2025-04-28 22:56:44,810 - INFO - 127.0.0.1 - - [28/Apr/2025 22:56:44] "GET /products/2000 HTTP/1.1" 200 -
2025-04-28 22:56:47,935 - INFO - Processing part detail for FW02000
2025-04-28 22:56:47,935 - INFO - Using direct URL: https://importglasscorp.com/glass/FW02000/
2025-04-28 22:56:49,242 - INFO - username inserted
2025-04-28 22:56:49,316 - INFO - password inserted
2025-04-28 22:56:49,415 - INFO - checkbox clicked
2025-04-28 22:56:52,167 - INFO - crendential submitted
2025-04-28 22:56:54,698 - INFO - Found available part: FW02000, $237.97, Opa-Locka
2025-04-28 22:56:54,698 - INFO - Processing part detail for FD02000
2025-04-28 22:56:54,699 - INFO - Using direct URL: https://importglasscorp.com/glass/FD02000/
2025-04-28 22:56:56,290 - INFO - Processing part detail for WKTF2000
2025-04-28 22:56:56,291 - INFO - Using direct URL: https://importglasscorp.com/glass/WKTF2000/
2025-04-28 22:56:57,769 - INFO - successfully login
2025-04-28 22:56:57,827 - INFO - Closed popup window
2025-04-28 22:56:57,827 - INFO - Searching part in Pilkington: 2000
2025-04-28 22:56:57,932 - INFO - Final results count: 1
2025-04-28 22:56:57,932 - INFO - IGC scraper completed in 41.72s
2025-04-28 22:57:03,366 - INFO - Closed popup window
2025-04-28 22:57:08,544 - INFO - Location: Miami, FL.
2025-04-28 22:57:09,921 - INFO - Found 24 parts for 2000
2025-04-28 22:57:09,922 - INFO - Pilkington scraper completed in 41.06s
2025-04-28 22:57:09,931 - INFO - All scrapers completed in 53.92s
2025-04-28 23:04:59,317 - INFO -  * Detected change in 'c:\\Users\\Arsalan-Dev\\Desktop\\newdevelop\\Streamlit-PartsScraper\\Scrapers\\pwg_scraper.py', reloading
2025-04-28 23:05:11,662 - INFO -  * Restarting with stat
2025-04-28 23:05:13,166 - WARNING -  * Debugger is active!
2025-04-28 23:05:13,168 - INFO -  * Debugger PIN: 621-090-782
2025-04-28 23:07:29,951 - INFO -  * Detected change in 'c:\\Users\\Arsalan-Dev\\Desktop\\newdevelop\\Streamlit-PartsScraper\\Scrapers\\pwg_scraper.py', reloading
2025-04-28 23:07:30,084 - INFO -  * Restarting with stat
2025-04-28 23:07:31,383 - WARNING -  * Debugger is active!
2025-04-28 23:07:31,385 - INFO -  * Debugger PIN: 621-090-782
2025-04-28 23:08:30,439 - INFO -  * Detected change in 'c:\\Users\\Arsalan-Dev\\Desktop\\newdevelop\\Streamlit-PartsScraper\\Scrapers\\pwg_scraper.py', reloading
2025-04-28 23:08:30,566 - INFO -  * Restarting with stat
2025-04-28 23:08:31,777 - WARNING -  * Debugger is active!
2025-04-28 23:08:31,780 - INFO -  * Debugger PIN: 621-090-782
2025-04-28 23:08:54,092 - INFO -  * Detected change in 'c:\\Users\\Arsalan-Dev\\Desktop\\newdevelop\\Streamlit-PartsScraper\\Scrapers\\pwg_scraper.py', reloading
2025-04-28 23:08:54,221 - INFO -  * Restarting with stat
2025-04-28 23:08:55,445 - WARNING -  * Debugger is active!
2025-04-28 23:08:55,448 - INFO -  * Debugger PIN: 621-090-782
2025-04-28 23:20:30,646 - INFO -  * Detected change in 'c:\\Users\\Arsalan-Dev\\Desktop\\newdevelop\\Streamlit-PartsScraper\\Scrapers\\pwg_scraper.py', reloading
2025-04-28 23:20:30,783 - INFO -  * Restarting with stat
2025-04-28 23:20:32,198 - WARNING -  * Debugger is active!
2025-04-28 23:20:32,200 - INFO -  * Debugger PIN: 621-090-782
2025-04-28 23:53:42,415 - INFO - [31m[1mWARNING: This is a development server. Do not use it in a production deployment. Use a production WSGI server instead.[0m
 * Running on all addresses (0.0.0.0)
 * Running on http://127.0.0.1:5000
 * Running on http://10.2.0.27:5000
2025-04-28 23:53:42,416 - INFO - [33mPress CTRL+C to quit[0m
2025-04-28 23:53:42,420 - INFO -  * Restarting with stat
2025-04-28 23:53:43,975 - WARNING -  * Debugger is active!
2025-04-28 23:53:43,977 - INFO -  * Debugger PIN: 621-090-782
2025-04-28 23:53:49,376 - INFO - 127.0.0.1 - - [28/Apr/2025 23:53:49] "[32mGET / HTTP/1.1[0m" 302 -
2025-04-28 23:53:49,395 - INFO - 127.0.0.1 - - [28/Apr/2025 23:53:49] "GET /login?next=/ HTTP/1.1" 200 -
2025-04-28 23:53:49,445 - INFO - 127.0.0.1 - - [28/Apr/2025 23:53:49] "[33mGET /favicon.ico HTTP/1.1[0m" 404 -
2025-04-28 23:53:54,116 - INFO - 127.0.0.1 - - [28/Apr/2025 23:53:54] "POST /login?next=/ HTTP/1.1" 200 -
2025-04-28 23:54:00,261 - INFO - 127.0.0.1 - - [28/Apr/2025 23:54:00] "POST /login?next=/ HTTP/1.1" 200 -
2025-04-28 23:54:30,727 - INFO - 127.0.0.1 - - [28/Apr/2025 23:54:30] "POST /login?next=/ HTTP/1.1" 200 -
2025-04-28 23:55:37,434 - INFO - [31m[1mWARNING: This is a development server. Do not use it in a production deployment. Use a production WSGI server instead.[0m
 * Running on all addresses (0.0.0.0)
 * Running on http://127.0.0.1:5000
 * Running on http://10.2.0.27:5000
2025-04-28 23:55:37,435 - INFO - [33mPress CTRL+C to quit[0m
2025-04-28 23:55:37,438 - INFO -  * Restarting with stat
2025-04-28 23:55:38,977 - WARNING -  * Debugger is active!
2025-04-28 23:55:38,979 - INFO -  * Debugger PIN: 621-090-782
2025-04-28 23:55:50,734 - INFO - 127.0.0.1 - - [28/Apr/2025 23:55:50] "GET /login?next=/ HTTP/1.1" 200 -
2025-04-28 23:55:55,664 - INFO - 127.0.0.1 - - [28/Apr/2025 23:55:55] "[32mPOST /login?next=/ HTTP/1.1[0m" 302 -
2025-04-28 23:55:55,700 - INFO - 127.0.0.1 - - [28/Apr/2025 23:55:55] "GET / HTTP/1.1" 200 -
2025-04-28 23:55:59,615 - INFO - 127.0.0.1 - - [28/Apr/2025 23:55:59] "GET /part-search/2000 HTTP/1.1" 200 -
2025-04-28 23:56:09,721 - INFO - patching driver executable C:\Users\Arsalan-Dev\appdata\roaming\undetected_chromedriver\undetected_chromedriver.exe
2025-04-28 23:56:12,734 - INFO - Chrome driver set up in 12.84s
2025-04-28 23:56:12,735 - INFO - Searching part in IGC: 2000
2025-04-28 23:56:12,736 - INFO - Searching part in IGC: 2000
2025-04-28 23:56:12,736 - INFO - Logging in to Import Glass Corp
2025-04-28 23:56:13,330 - INFO - Chrome driver set up in 0.59s
2025-04-28 23:56:13,330 - INFO - Searching part in Pilkington: 2000
2025-04-28 23:56:13,969 - INFO - Chrome driver set up in 0.64s
2025-04-28 23:56:13,972 - INFO - Searching part in MyGrant: 2000
2025-04-28 23:56:13,975 - INFO - Checking login status for MyGrant
2025-04-28 23:56:13,976 - INFO - Performing full login to MyGrant
2025-04-28 23:56:20,858 - INFO - Login successful - saved 3 cookies
2025-04-28 23:56:21,863 - INFO - Login successful - saved 6 cookies
2025-04-28 23:56:21,863 - INFO - Searching for part in MyGrant: 2000
2025-04-28 23:56:24,181 - INFO - Search submitted, waiting for results...
2025-04-28 23:56:25,562 - INFO - Logging form - trying to login
2025-04-28 23:56:25,995 - INFO - Found 4 matching part numbers
2025-04-28 23:56:25,995 - INFO - Processing part detail for DW02000
2025-04-28 23:56:25,995 - INFO - Using direct URL: https://importglasscorp.com/glass/DW02000/
2025-04-28 23:56:27,956 - INFO - Processing location: Doral, FL - (305) 477-9898
2025-04-28 23:56:28,100 - INFO - Found 3 parts at Doral, FL - (305) 477-9898
2025-04-28 23:56:28,109 - INFO - Processing location: Orlando, FL - (407) 859-6860
2025-04-28 23:56:28,313 - INFO - Found 4 parts at Orlando, FL - (407) 859-6860
2025-04-28 23:56:28,328 - INFO - Processing location: Tampa, FL - (813) 621-7500
2025-04-28 23:56:28,648 - INFO - Found 3 parts at Tampa, FL - (813) 621-7500
2025-04-28 23:56:28,697 - INFO - Processing location: Fort Lauderdale, FL - (954) 625-2463
2025-04-28 23:56:28,908 - INFO - Found 3 parts at Fort Lauderdale, FL - (954) 625-2463
2025-04-28 23:56:28,908 - INFO - Found 13 parts for 2000
2025-04-28 23:56:28,910 - INFO - MyGrant scraper completed in 15.58s
2025-04-28 23:56:28,914 - INFO - 127.0.0.1 - - [28/Apr/2025 23:56:28] "GET /products/2000 HTTP/1.1" 200 -
2025-04-28 23:56:32,506 - INFO -  * Detected change in 'c:\\Users\\Arsalan-Dev\\Desktop\\newdevelop\\Streamlit-PartsScraper\\partScraper.py', reloading
2025-04-28 23:56:33,023 - INFO - username inserted
2025-04-28 23:56:33,112 - INFO - password inserted
2025-04-28 23:56:33,205 - INFO - checkbox clicked
2025-04-28 23:56:33,294 - INFO - crendential submitted
2025-04-28 23:56:33,943 - INFO - Processing part detail for FW02000
2025-04-28 23:56:33,944 - INFO - Using direct URL: https://importglasscorp.com/glass/FW02000/
2025-04-28 23:56:42,158 - INFO - successfully login
2025-04-28 23:56:42,202 - INFO - Closed popup window
2025-04-28 23:56:42,202 - INFO - Searching part in Pilkington: 2000
2025-04-28 23:56:42,576 - INFO - Found available part: FW02000, $237.97, Opa-Locka
2025-04-28 23:56:42,577 - INFO - Processing part detail for FD02000
2025-04-28 23:56:42,577 - INFO - Using direct URL: https://importglasscorp.com/glass/FD02000/
2025-04-28 23:56:44,218 - INFO - Processing part detail for WKTF2000
2025-04-28 23:56:44,219 - INFO - Using direct URL: https://importglasscorp.com/glass/WKTF2000/
2025-04-28 23:56:45,299 - INFO - Final results count: 1
2025-04-28 23:56:45,300 - INFO - IGC scraper completed in 45.41s
2025-04-28 23:56:46,876 - INFO - Closed popup window
2025-04-28 23:56:51,989 - INFO - Location: Miami, FL.
2025-04-28 23:56:53,450 - INFO - Found 24 parts for 2000
2025-04-28 23:56:53,451 - INFO - Pilkington scraper completed in 40.72s
2025-04-28 23:56:53,628 - INFO -  * Restarting with stat
2025-04-28 23:56:55,136 - WARNING -  * Debugger is active!
2025-04-28 23:56:55,139 - INFO -  * Debugger PIN: 621-090-782
2025-04-28 23:57:00,710 - INFO - 127.0.0.1 - - [28/Apr/2025 23:57:00] "GET / HTTP/1.1" 200 -
2025-04-28 23:57:01,458 - INFO - 127.0.0.1 - - [28/Apr/2025 23:57:01] "GET / HTTP/1.1" 200 -
2025-04-28 23:57:01,689 - INFO - 127.0.0.1 - - [28/Apr/2025 23:57:01] "GET / HTTP/1.1" 200 -
2025-04-28 23:57:01,851 - INFO - 127.0.0.1 - - [28/Apr/2025 23:57:01] "GET / HTTP/1.1" 200 -
2025-04-28 23:57:01,995 - INFO - 127.0.0.1 - - [28/Apr/2025 23:57:01] "GET / HTTP/1.1" 200 -
2025-04-28 23:57:02,139 - INFO - 127.0.0.1 - - [28/Apr/2025 23:57:02] "GET / HTTP/1.1" 200 -
2025-04-28 23:57:02,302 - INFO - 127.0.0.1 - - [28/Apr/2025 23:57:02] "GET / HTTP/1.1" 200 -
2025-04-28 23:57:06,489 - INFO - 127.0.0.1 - - [28/Apr/2025 23:57:06] "GET /part-search/2000 HTTP/1.1" 200 -
2025-04-28 23:57:14,636 - INFO - patching driver executable C:\Users\Arsalan-Dev\appdata\roaming\undetected_chromedriver\undetected_chromedriver.exe
2025-04-28 23:57:17,667 - INFO - Chrome driver set up in 10.89s
2025-04-28 23:57:17,668 - INFO - Searching part in IGC: 2000
2025-04-28 23:57:17,669 - INFO - Searching part in IGC: 2000
2025-04-28 23:57:17,670 - INFO - Logging in to Import Glass Corp
2025-04-28 23:57:18,276 - INFO - Chrome driver set up in 0.61s
2025-04-28 23:57:18,280 - INFO - Searching part in PGW: 2000
2025-04-28 23:57:18,281 - INFO - Searching part in PWG: 2000
2025-04-28 23:57:18,982 - INFO - Chrome driver set up in 0.70s
2025-04-28 23:57:18,983 - INFO - Searching part in Pilkington: 2000
2025-04-28 23:57:19,600 - INFO - Chrome driver set up in 0.61s
2025-04-28 23:57:19,600 - INFO - Searching part in MyGrant: 2000
2025-04-28 23:57:19,603 - INFO - Checking login status for MyGrant
2025-04-28 23:57:19,603 - INFO - Performing full login to MyGrant
2025-04-28 23:57:25,365 - INFO - Login successful - saved 3 cookies
2025-04-28 23:57:27,163 - INFO - Login successful - saved 6 cookies
2025-04-28 23:57:27,163 - INFO - Searching for part in MyGrant: 2000
2025-04-28 23:57:29,044 - INFO - Search submitted, waiting for results...
2025-04-28 23:57:31,073 - INFO - Found 4 matching part numbers
2025-04-28 23:57:31,073 - INFO - Processing part detail for DW02000
2025-04-28 23:57:31,074 - INFO - Using direct URL: https://importglasscorp.com/glass/DW02000/
2025-04-28 23:57:32,252 - INFO - Logging form - trying to login
2025-04-28 23:57:33,690 - INFO - Processing location: Doral, FL - (305) 477-9898
2025-04-28 23:57:33,855 - INFO - Found 3 parts at Doral, FL - (305) 477-9898
2025-04-28 23:57:33,864 - INFO - Processing location: Orlando, FL - (407) 859-6860
2025-04-28 23:57:34,046 - INFO - Found 4 parts at Orlando, FL - (407) 859-6860
2025-04-28 23:57:34,057 - INFO - Processing location: Tampa, FL - (813) 621-7500
2025-04-28 23:57:34,191 - INFO - Found 3 parts at Tampa, FL - (813) 621-7500
2025-04-28 23:57:34,200 - INFO - Processing location: Fort Lauderdale, FL - (954) 625-2463
2025-04-28 23:57:34,338 - INFO - Found 3 parts at Fort Lauderdale, FL - (954) 625-2463
2025-04-28 23:57:34,339 - INFO - Found 13 parts for 2000
2025-04-28 23:57:34,339 - INFO - MyGrant scraper completed in 15.35s
2025-04-28 23:57:34,348 - INFO - 127.0.0.1 - - [28/Apr/2025 23:57:34] "GET /products/2000 HTTP/1.1" 200 -
2025-04-28 23:57:37,663 - INFO - Processing part detail for FW02000
2025-04-28 23:57:37,663 - INFO - Using direct URL: https://importglasscorp.com/glass/FW02000/
2025-04-28 23:57:39,049 - WARNING - Could not find Part Type radio button, continuing anyway
2025-04-28 23:57:39,479 - INFO - username inserted
2025-04-28 23:57:39,563 - INFO - password inserted
2025-04-28 23:57:39,694 - INFO - checkbox clicked
2025-04-28 23:57:39,823 - INFO - crendential submitted
2025-04-28 23:57:45,093 - INFO - Found available part: FW02000, $237.97, Opa-Locka
2025-04-28 23:57:45,094 - INFO - Processing part detail for FD02000
2025-04-28 23:57:45,094 - INFO - Using direct URL: https://importglasscorp.com/glass/FD02000/
2025-04-28 23:57:46,710 - INFO - Processing part detail for WKTF2000
2025-04-28 23:57:46,710 - INFO - Using direct URL: https://importglasscorp.com/glass/WKTF2000/
2025-04-28 23:57:48,069 - INFO - Final results count: 1
2025-04-28 23:57:48,070 - INFO - IGC scraper completed in 41.29s
2025-04-28 23:57:49,325 - INFO - successfully login
2025-04-28 23:57:49,362 - INFO - Closed popup window
2025-04-28 23:57:49,362 - INFO - Searching part in Pilkington: 2000
2025-04-28 23:57:54,557 - INFO - Closed popup window
2025-04-28 23:57:55,434 - INFO - Alternate search alert: Enter your Password, then click Login.
2025-04-28 23:57:59,694 - INFO - Location: Miami, FL.
2025-04-28 23:58:01,113 - INFO - Found 24 parts for 2000
2025-04-28 23:58:01,114 - INFO - Pilkington scraper completed in 42.83s
2025-04-28 23:58:03,462 - WARNING - No tables found on page, trying alternative extraction methods
2025-04-28 23:58:08,502 - INFO - Could not find parts through elements, returning default parts
2025-04-28 23:58:08,503 - INFO - PGW scraper completed in 50.83s
2025-04-28 23:58:08,505 - INFO - All scrapers completed in 61.98s
2025-04-29 00:14:55,467 - INFO - [31m[1mWARNING: This is a development server. Do not use it in a production deployment. Use a production WSGI server instead.[0m
 * Running on all addresses (0.0.0.0)
 * Running on http://127.0.0.1:5000
 * Running on http://10.2.0.27:5000
2025-04-29 00:14:55,468 - INFO - [33mPress CTRL+C to quit[0m
2025-04-29 00:14:55,470 - INFO -  * Restarting with stat
2025-04-29 00:14:56,682 - WARNING -  * Debugger is active!
2025-04-29 00:14:56,684 - INFO -  * Debugger PIN: 621-090-782
2025-04-29 00:17:22,983 - INFO -  * Detected change in 'c:\\Users\\Arsalan-Dev\\Desktop\\newdevelop\\Streamlit-PartsScraper\\app.py', reloading
2025-04-29 00:17:23,137 - INFO -  * Restarting with stat
2025-04-29 00:17:24,547 - WARNING -  * Debugger is active!
2025-04-29 00:17:24,549 - INFO -  * Debugger PIN: 621-090-782
2025-04-29 00:17:36,743 - INFO -  * Detected change in 'c:\\Users\\Arsalan-Dev\\Desktop\\newdevelop\\Streamlit-PartsScraper\\app.py', reloading
2025-04-29 00:17:36,894 - INFO -  * Restarting with stat
2025-04-29 00:17:38,194 - WARNING -  * Debugger is active!
2025-04-29 00:17:38,196 - INFO -  * Debugger PIN: 621-090-782
2025-04-29 00:17:46,896 - INFO - [31m[1mWARNING: This is a development server. Do not use it in a production deployment. Use a production WSGI server instead.[0m
 * Running on all addresses (0.0.0.0)
 * Running on http://127.0.0.1:2211
 * Running on http://10.2.0.27:2211
2025-04-29 00:17:46,896 - INFO - [33mPress CTRL+C to quit[0m
2025-04-29 00:17:46,898 - INFO -  * Restarting with stat
2025-04-29 00:17:48,200 - WARNING -  * Debugger is active!
2025-04-29 00:17:48,203 - INFO -  * Debugger PIN: 621-090-782
2025-04-29 00:17:53,424 - INFO - 127.0.0.1 - - [29/Apr/2025 00:17:53] "GET / HTTP/1.1" 200 -
2025-04-29 00:18:01,923 - INFO - 127.0.0.1 - - [29/Apr/2025 00:18:01] "GET /part-search/2000 HTTP/1.1" 200 -
2025-04-29 00:18:08,504 - INFO - patching driver executable C:\Users\Arsalan-Dev\appdata\roaming\undetected_chromedriver\undetected_chromedriver.exe
2025-04-29 00:18:11,292 - INFO - Chrome driver set up in 9.19s
2025-04-29 00:18:11,292 - INFO - Searching part in IGC: 2000
2025-04-29 00:18:11,293 - INFO - Searching part in IGC: 2000
2025-04-29 00:18:11,293 - INFO - Logging in to Import Glass Corp
2025-04-29 00:18:11,871 - INFO - Chrome driver set up in 0.58s
2025-04-29 00:18:11,872 - INFO - Searching part in PGW: 2000
2025-04-29 00:18:11,880 - INFO - Not on search page, attempting to login first
2025-04-29 00:18:11,880 - INFO - Logging in to Buy PGW Auto Glass
2025-04-29 00:18:12,466 - INFO - Chrome driver set up in 0.59s
2025-04-29 00:18:12,466 - INFO - Searching part in Pilkington: 2000
2025-04-29 00:18:13,058 - INFO - Chrome driver set up in 0.59s
2025-04-29 00:18:13,058 - INFO - Searching part in MyGrant: 2000
2025-04-29 00:18:13,059 - INFO - Checking login status for MyGrant
2025-04-29 00:18:13,059 - INFO - Performing full login to MyGrant
2025-04-29 00:18:19,262 - INFO - Login successful - saved 3 cookies
2025-04-29 00:18:20,469 - INFO - Login successful - saved 6 cookies
2025-04-29 00:18:20,469 - INFO - Searching for part in MyGrant: 2000
2025-04-29 00:18:21,829 - INFO - Search submitted, waiting for results...
2025-04-29 00:18:23,472 - INFO - Found 4 matching part numbers
2025-04-29 00:18:23,472 - INFO - Processing part detail for DW02000
2025-04-29 00:18:23,473 - INFO - Using direct URL: https://importglasscorp.com/glass/DW02000/
2025-04-29 00:18:24,442 - INFO - Logging form - trying to login
2025-04-29 00:18:26,657 - INFO - Processing location: Doral, FL - (305) 477-9898
2025-04-29 00:18:26,804 - INFO - Found 3 parts at Doral, FL - (305) 477-9898
2025-04-29 00:18:26,813 - INFO - Processing location: Orlando, FL - (407) 859-6860
2025-04-29 00:18:27,022 - INFO - Found 4 parts at Orlando, FL - (407) 859-6860
2025-04-29 00:18:27,034 - INFO - Processing location: Tampa, FL - (813) 621-7500
2025-04-29 00:18:27,175 - INFO - Found 3 parts at Tampa, FL - (813) 621-7500
2025-04-29 00:18:27,189 - INFO - Processing location: Fort Lauderdale, FL - (954) 625-2463
2025-04-29 00:18:27,388 - INFO - Found 3 parts at Fort Lauderdale, FL - (954) 625-2463
2025-04-29 00:18:27,389 - INFO - Found 13 parts for 2000
2025-04-29 00:18:27,389 - INFO - MyGrant scraper completed in 14.92s
2025-04-29 00:18:27,395 - INFO - 127.0.0.1 - - [29/Apr/2025 00:18:27] "GET /products/2000 HTTP/1.1" 200 -
2025-04-29 00:18:29,286 - INFO - Processing part detail for FW02000
2025-04-29 00:18:29,286 - INFO - Using direct URL: https://importglasscorp.com/glass/FW02000/
2025-04-29 00:18:31,512 - INFO - username inserted
2025-04-29 00:18:31,575 - INFO - password inserted
2025-04-29 00:18:31,656 - INFO - checkbox clicked
2025-04-29 00:18:35,086 - INFO - Clicked 'I Agree' button
2025-04-29 00:18:36,146 - INFO - Found available part: FW02000, $237.97, Opa-Locka
2025-04-29 00:18:36,147 - INFO - Processing part detail for FD02000
2025-04-29 00:18:36,147 - INFO - Using direct URL: https://importglasscorp.com/glass/FD02000/
2025-04-29 00:18:37,309 - INFO - crendential submitted
2025-04-29 00:18:37,370 - INFO - Processing part detail for WKTF2000
2025-04-29 00:18:37,370 - INFO - Using direct URL: https://importglasscorp.com/glass/WKTF2000/
2025-04-29 00:18:38,211 - INFO - Final results count: 1
2025-04-29 00:18:38,212 - INFO - IGC scraper completed in 36.11s
2025-04-29 00:18:40,508 - INFO - successfully login
2025-04-29 00:18:40,564 - INFO - Closed popup window
2025-04-29 00:18:40,565 - INFO - Searching part in Pilkington: 2000
2025-04-29 00:18:45,370 - INFO - Closed popup window
2025-04-29 00:18:50,466 - INFO - Location: Miami, FL.
2025-04-29 00:18:51,131 - INFO - Found 24 parts for 2000
2025-04-29 00:18:51,131 - INFO - Pilkington scraper completed in 39.26s
2025-04-29 00:18:56,774 - INFO - Login successful (detected from URL)
2025-04-29 00:18:56,774 - INFO - Searching for part: 2000
2025-04-29 00:19:15,466 - INFO - Found 6 parts matching 2000
2025-04-29 00:19:15,467 - INFO - PGW scraper completed in 64.17s
2025-04-29 00:19:15,468 - INFO - All scrapers completed in 73.52s
2025-05-01 00:16:50,533 - INFO - [31m[1mWARNING: This is a development server. Do not use it in a production deployment. Use a production WSGI server instead.[0m
 * Running on all addresses (0.0.0.0)
 * Running on http://127.0.0.1:2211
 * Running on http://192.168.170.69:2211
2025-05-01 00:16:50,534 - INFO - [33mPress CTRL+C to quit[0m
2025-05-01 00:16:50,537 - INFO -  * Restarting with stat
2025-05-01 00:16:51,638 - WARNING -  * Debugger is active!
2025-05-01 00:16:51,641 - INFO -  * Debugger PIN: 621-090-782
2025-05-01 00:16:54,889 - INFO - 192.168.170.69 - - [01/May/2025 00:16:54] "[32mGET / HTTP/1.1[0m" 302 -
2025-05-01 00:16:54,921 - INFO - 192.168.170.69 - - [01/May/2025 00:16:54] "GET /login?next=/ HTTP/1.1" 200 -
2025-05-01 00:16:54,976 - INFO - 192.168.170.69 - - [01/May/2025 00:16:54] "[33mGET /favicon.ico HTTP/1.1[0m" 404 -
2025-05-01 00:17:01,747 - INFO - 192.168.170.69 - - [01/May/2025 00:17:01] "POST /login?next=/ HTTP/1.1" 200 -
2025-05-01 00:17:07,820 - INFO - 192.168.170.69 - - [01/May/2025 00:17:07] "[32mPOST /login?next=/ HTTP/1.1[0m" 302 -
2025-05-01 00:17:07,935 - INFO - 192.168.170.69 - - [01/May/2025 00:17:07] "GET / HTTP/1.1" 200 -
2025-05-01 00:17:12,628 - INFO - 127.0.0.1 - - [01/May/2025 00:17:12] "[32mGET /part-search/2000 HTTP/1.1[0m" 302 -
2025-05-01 00:17:12,634 - INFO - 127.0.0.1 - - [01/May/2025 00:17:12] "GET /login?next=/part-search/2000 HTTP/1.1" 200 -
2025-05-01 00:17:12,682 - INFO - 127.0.0.1 - - [01/May/2025 00:17:12] "[33mGET /favicon.ico HTTP/1.1[0m" 404 -
2025-05-01 00:17:19,307 - INFO - 127.0.0.1 - - [01/May/2025 00:17:19] "[32mPOST /login?next=/part-search/2000 HTTP/1.1[0m" 302 -
2025-05-01 00:17:19,316 - INFO - 127.0.0.1 - - [01/May/2025 00:17:19] "GET / HTTP/1.1" 200 -
2025-05-01 00:17:22,730 - INFO - 127.0.0.1 - - [01/May/2025 00:17:22] "GET /part-search/2000 HTTP/1.1" 200 -
2025-05-01 00:17:26,340 - INFO - patching driver executable C:\Users\Arsalan-Dev\appdata\roaming\undetected_chromedriver\undetected_chromedriver.exe
2025-05-01 00:17:32,261 - INFO - Chrome driver set up in 9.38s
2025-05-01 00:17:32,262 - INFO - Searching part in IGC: 2000
2025-05-01 00:17:32,263 - INFO - Searching part in IGC: 2000
2025-05-01 00:17:32,263 - INFO - Logging in to Import Glass Corp
2025-05-01 00:17:32,863 - INFO - Chrome driver set up in 0.60s
2025-05-01 00:17:32,863 - INFO - Searching part in PGW: 2000
2025-05-01 00:17:32,871 - INFO - Not on search page, attempting to login first
2025-05-01 00:17:32,872 - INFO - Logging in to Buy PGW Auto Glass
2025-05-01 00:17:33,447 - INFO - Chrome driver set up in 0.58s
2025-05-01 00:17:33,447 - INFO - Searching part in Pilkington: 2000
2025-05-01 00:17:34,046 - INFO - Chrome driver set up in 0.60s
2025-05-01 00:17:34,047 - INFO - Searching part in MyGrant: 2000
2025-05-01 00:17:34,048 - INFO - Checking login status for MyGrant
2025-05-01 00:17:34,048 - INFO - Performing full login to MyGrant
2025-05-01 00:17:39,136 - INFO - Login successful - saved 3 cookies
2025-05-01 00:17:39,744 - INFO - Logging form - trying to login
2025-05-01 00:17:41,754 - INFO - Search submitted, waiting for results...
2025-05-01 00:17:43,276 - INFO - Found 4 matching part numbers
2025-05-01 00:17:43,276 - INFO - Processing part detail for DW02000
2025-05-01 00:17:43,276 - INFO - Using direct URL: https://importglasscorp.com/glass/DW02000/
2025-05-01 00:17:44,285 - INFO - username inserted
2025-05-01 00:17:44,370 - INFO - password inserted
2025-05-01 00:17:44,474 - INFO - checkbox clicked
2025-05-01 00:17:47,177 - ERROR - Login error: Message: 
Stacktrace:
	GetHandleVerifier [0x00D4C7F3+24435]
	(No symbol) [0x00CD2074]
	(No symbol) [0x00BA06E3]
	(No symbol) [0x00BE8B39]
	(No symbol) [0x00BE8E8B]
	(No symbol) [0x00C31AC2]
	(No symbol) [0x00C0D804]
	(No symbol) [0x00C2F20A]
	(No symbol) [0x00C0D5B6]
	(No symbol) [0x00BDC54F]
	(No symbol) [0x00BDD894]
	GetHandleVerifier [0x010570A3+3213347]
	GetHandleVerifier [0x0106B0C9+3295305]
	GetHandleVerifier [0x0106558C+3271948]
	GetHandleVerifier [0x00DE7360+658144]
	(No symbol) [0x00CDB27D]
	(No symbol) [0x00CD8208]
	(No symbol) [0x00CD83A9]
	(No symbol) [0x00CCAAC0]
	BaseThreadInitThunk [0x756D5D49+25]
	RtlInitializeExceptionChain [0x7765CF0B+107]
	RtlGetAppContainerNamedObjectPath [0x7765CE91+561]

2025-05-01 00:17:47,178 - ERROR - Failed to login to MyGrant
2025-05-01 00:17:47,178 - INFO - MyGrant scraper completed in 13.73s
2025-05-01 00:17:47,183 - INFO - 127.0.0.1 - - [01/May/2025 00:17:47] "GET /products/2000 HTTP/1.1" 200 -
2025-05-01 00:17:47,927 - INFO - Processing part detail for FW02000
2025-05-01 00:17:47,929 - INFO - Using direct URL: https://importglasscorp.com/glass/FW02000/
2025-05-01 00:17:48,185 - INFO - crendential submitted
2025-05-01 00:17:50,204 - INFO - successfully login
2025-05-01 00:17:50,240 - INFO - Closed popup window
2025-05-01 00:17:50,242 - INFO - Searching part in Pilkington: 2000
2025-05-01 00:17:52,929 - INFO - Found available part: FW02000, $237.97, Opa-Locka
2025-05-01 00:17:52,930 - INFO - Processing part detail for FD02000
2025-05-01 00:17:52,930 - INFO - Using direct URL: https://importglasscorp.com/glass/FD02000/
2025-05-01 00:17:52,984 - INFO - Closed popup window
2025-05-01 00:17:54,178 - INFO - Processing part detail for WKTF2000
2025-05-01 00:17:54,179 - INFO - Using direct URL: https://importglasscorp.com/glass/WKTF2000/
2025-05-01 00:17:55,065 - INFO - Final results count: 1
2025-05-01 00:17:55,066 - INFO - IGC scraper completed in 32.18s
2025-05-01 00:17:58,039 - INFO - Location: Miami, FL.
2025-05-01 00:17:58,118 - ERROR - Login error: Message: unknown error: net::ERR_CONNECTION_TIMED_OUT
  (Session info: chrome=135.0.7049.115)
Stacktrace:
	GetHandleVerifier [0x00D4C7F3+24435]
	(No symbol) [0x00CD2074]
	(No symbol) [0x00BA06E3]
	(No symbol) [0x00B9DB6E]
	(No symbol) [0x00B91458]
	(No symbol) [0x00B92D60]
	(No symbol) [0x00B916E7]
	(No symbol) [0x00B91243]
	(No symbol) [0x00B90F51]
	(No symbol) [0x00B8EE30]
	(No symbol) [0x00B8F8BB]
	(No symbol) [0x00BA419E]
	(No symbol) [0x00C2FEE7]
	(No symbol) [0x00C0D7BC]
	(No symbol) [0x00C2F20A]
	(No symbol) [0x00C0D5B6]
	(No symbol) [0x00BDC54F]
	(No symbol) [0x00BDD894]
	GetHandleVerifier [0x010570A3+3213347]
	GetHandleVerifier [0x0106B0C9+3295305]
	GetHandleVerifier [0x0106558C+3271948]
	GetHandleVerifier [0x00DE7360+658144]
	(No symbol) [0x00CDB27D]
	(No symbol) [0x00CD8208]
	(No symbol) [0x00CD83A9]
	(No symbol) [0x00CCAAC0]
	BaseThreadInitThunk [0x756D5D49+25]
	RtlInitializeExceptionChain [0x7765CF0B+107]
	RtlGetAppContainerNamedObjectPath [0x7765CE91+561]

2025-05-01 00:17:58,119 - ERROR - Error in searchPart: Message: unknown error: net::ERR_CONNECTION_TIMED_OUT
  (Session info: chrome=135.0.7049.115)
Stacktrace:
	GetHandleVerifier [0x00D4C7F3+24435]
	(No symbol) [0x00CD2074]
	(No symbol) [0x00BA06E3]
	(No symbol) [0x00B9DB6E]
	(No symbol) [0x00B91458]
	(No symbol) [0x00B92D60]
	(No symbol) [0x00B916E7]
	(No symbol) [0x00B91243]
	(No symbol) [0x00B90F51]
	(No symbol) [0x00B8EE30]
	(No symbol) [0x00B8F8BB]
	(No symbol) [0x00BA419E]
	(No symbol) [0x00C2FEE7]
	(No symbol) [0x00C0D7BC]
	(No symbol) [0x00C2F20A]
	(No symbol) [0x00C0D5B6]
	(No symbol) [0x00BDC54F]
	(No symbol) [0x00BDD894]
	GetHandleVerifier [0x010570A3+3213347]
	GetHandleVerifier [0x0106B0C9+3295305]
	GetHandleVerifier [0x0106558C+3271948]
	GetHandleVerifier [0x00DE7360+658144]
	(No symbol) [0x00CDB27D]
	(No symbol) [0x00CD8208]
	(No symbol) [0x00CD83A9]
	(No symbol) [0x00CCAAC0]
	BaseThreadInitThunk [0x756D5D49+25]
	RtlInitializeExceptionChain [0x7765CF0B+107]
	RtlGetAppContainerNamedObjectPath [0x7765CE91+561]

2025-05-01 00:17:58,120 - INFO - PGW scraper completed in 25.86s
2025-05-01 00:17:59,107 - INFO - Found 24 parts for 2000
2025-05-01 00:17:59,107 - INFO - Pilkington scraper completed in 26.24s
2025-05-01 00:17:59,108 - INFO - All scrapers completed in 36.36s
2025-05-01 00:37:06,651 - INFO -  * Detected change in 'c:\\Users\\Arsalan-Dev\\Desktop\\newdevelop\\Streamlit-PartsScraper\\Scrapers\\igc_scraper.py', reloading
2025-05-01 00:37:23,080 - INFO -  * Restarting with stat
2025-05-01 00:37:24,433 - WARNING -  * Debugger is active!
2025-05-01 00:37:24,435 - INFO -  * Debugger PIN: 621-090-782
2025-05-01 00:38:08,280 - INFO -  * Detected change in 'c:\\Users\\Arsalan-Dev\\Desktop\\newdevelop\\Streamlit-PartsScraper\\Scrapers\\mygrant_scraper.py', reloading
2025-05-01 00:38:08,512 - INFO -  * Restarting with stat
2025-05-01 00:38:09,802 - WARNING -  * Debugger is active!
2025-05-01 00:38:09,805 - INFO -  * Debugger PIN: 621-090-782
2025-05-01 00:38:10,859 - INFO -  * Detected change in 'c:\\Users\\Arsalan-Dev\\Desktop\\newdevelop\\Streamlit-PartsScraper\\Scrapers\\mygrant_scraper.py', reloading
2025-05-01 00:38:11,047 - INFO -  * Restarting with stat
2025-05-01 00:38:12,498 - WARNING -  * Debugger is active!
2025-05-01 00:38:12,501 - INFO -  * Debugger PIN: 621-090-782
2025-05-01 00:38:32,794 - INFO -  * Detected change in 'c:\\Users\\Arsalan-Dev\\Desktop\\newdevelop\\Streamlit-PartsScraper\\Scrapers\\pilkington_scraper.py', reloading
2025-05-01 00:38:32,935 - INFO -  * Restarting with stat
2025-05-01 00:38:34,218 - WARNING -  * Debugger is active!
2025-05-01 00:38:34,221 - INFO -  * Debugger PIN: 621-090-782
2025-05-01 00:45:05,956 - INFO -  * Detected change in 'c:\\Users\\Arsalan-Dev\\Desktop\\newdevelop\\Streamlit-PartsScraper\\Scrapers\\igc_scraper.py', reloading
2025-05-01 00:45:06,091 - INFO -  * Restarting with stat
2025-05-01 00:45:07,618 - WARNING -  * Debugger is active!
2025-05-01 00:45:07,622 - INFO -  * Debugger PIN: 621-090-782
2025-05-01 00:45:40,336 - INFO -  * Detected change in 'c:\\Users\\Arsalan-Dev\\Desktop\\newdevelop\\Streamlit-PartsScraper\\Scrapers\\pilkington_scraper.py', reloading
2025-05-01 00:45:40,576 - INFO -  * Restarting with stat
2025-05-01 00:45:42,058 - WARNING -  * Debugger is active!
2025-05-01 00:45:42,061 - INFO -  * Debugger PIN: 621-090-782
2025-05-01 00:47:49,655 - INFO -  * Detected change in 'c:\\Users\\Arsalan-Dev\\Desktop\\newdevelop\\Streamlit-PartsScraper\\Scrapers\\mygrant_scraper.py', reloading
2025-05-01 00:47:49,783 - INFO -  * Restarting with stat
2025-05-01 00:47:51,350 - WARNING -  * Debugger is active!
2025-05-01 00:47:51,352 - INFO -  * Debugger PIN: 621-090-782
2025-05-01 00:49:09,956 - INFO -  * Detected change in 'c:\\Users\\Arsalan-Dev\\Desktop\\newdevelop\\Streamlit-PartsScraper\\Scrapers\\pwg_scraper.py', reloading
2025-05-01 00:49:10,106 - INFO -  * Restarting with stat
2025-05-01 00:49:11,428 - WARNING -  * Debugger is active!
2025-05-01 00:49:11,431 - INFO -  * Debugger PIN: 621-090-782
2025-05-01 00:49:15,663 - INFO - 127.0.0.1 - - [01/May/2025 00:49:15] "[32mGET /part-search/2000 HTTP/1.1[0m" 302 -
2025-05-01 00:49:15,673 - INFO - 127.0.0.1 - - [01/May/2025 00:49:15] "GET /login?next=/part-search/2000 HTTP/1.1" 200 -
2025-05-01 00:49:17,396 - INFO - 127.0.0.1 - - [01/May/2025 00:49:17] "[32mPOST /login?next=/part-search/2000 HTTP/1.1[0m" 302 -
2025-05-01 00:49:17,414 - INFO - 127.0.0.1 - - [01/May/2025 00:49:17] "GET / HTTP/1.1" 200 -
2025-05-01 00:51:58,201 - INFO -  * Detected change in 'c:\\Users\\Arsalan-Dev\\Desktop\\newdevelop\\Streamlit-PartsScraper\\Scrapers\\igc_scraper.py', reloading
2025-05-01 00:51:58,347 - INFO -  * Restarting with stat
2025-05-01 00:51:59,769 - WARNING -  * Debugger is active!
2025-05-01 00:51:59,772 - INFO -  * Debugger PIN: 621-090-782
2025-05-01 00:52:01,833 - INFO -  * Detected change in 'c:\\Users\\Arsalan-Dev\\Desktop\\newdevelop\\Streamlit-PartsScraper\\Scrapers\\mygrant_scraper.py', reloading
2025-05-01 00:52:01,974 - INFO -  * Restarting with stat
2025-05-01 00:52:03,286 - WARNING -  * Debugger is active!
2025-05-01 00:52:03,288 - INFO -  * Debugger PIN: 621-090-782
2025-05-01 00:52:06,358 - INFO -  * Detected change in 'c:\\Users\\Arsalan-Dev\\Desktop\\newdevelop\\Streamlit-PartsScraper\\Scrapers\\pilkington_scraper.py', reloading
2025-05-01 00:52:06,520 - INFO -  * Restarting with stat
2025-05-01 00:52:07,822 - WARNING -  * Debugger is active!
2025-05-01 00:52:07,825 - INFO -  * Debugger PIN: 621-090-782
2025-05-01 00:52:09,881 - INFO -  * Detected change in 'c:\\Users\\Arsalan-Dev\\Desktop\\newdevelop\\Streamlit-PartsScraper\\Scrapers\\pwg_scraper.py', reloading
2025-05-01 00:52:10,028 - INFO -  * Restarting with stat
2025-05-01 00:52:11,163 - WARNING -  * Debugger is active!
2025-05-01 00:52:11,165 - INFO -  * Debugger PIN: 621-090-782
2025-05-01 03:11:49,710 - INFO - 127.0.0.1 - - [01/May/2025 03:11:49] "[32mGET /part-search/2000 HTTP/1.1[0m" 302 -
2025-05-01 03:11:49,766 - INFO - 127.0.0.1 - - [01/May/2025 03:11:49] "GET /login?next=/part-search/2000 HTTP/1.1" 200 -
2025-05-01 03:11:51,017 - INFO - 127.0.0.1 - - [01/May/2025 03:11:51] "[32mPOST /login?next=/part-search/2000 HTTP/1.1[0m" 302 -
2025-05-01 03:11:51,146 - INFO - 127.0.0.1 - - [01/May/2025 03:11:51] "GET / HTTP/1.1" 200 -
2025-05-01 03:11:54,540 - INFO - 127.0.0.1 - - [01/May/2025 03:11:54] "GET /part-search/2000 HTTP/1.1" 200 -
2025-05-01 03:12:03,332 - INFO - patching driver executable C:\Users\Arsalan-Dev\appdata\roaming\undetected_chromedriver\undetected_chromedriver.exe
2025-05-01 03:12:07,713 - INFO - Chrome driver set up in 12.95s
2025-05-01 03:12:07,714 - INFO - Searching part in IGC: 2000
2025-05-01 03:12:07,715 - INFO - Searching part in IGC: 2000
2025-05-01 03:12:07,716 - INFO - Logging in to Import Glass Corp
2025-05-01 03:12:08,348 - INFO - Chrome driver set up in 0.63s
2025-05-01 03:12:08,349 - INFO - Searching part in PGW: 2000
2025-05-01 03:12:08,373 - INFO - Not on search page, attempting to login first
2025-05-01 03:12:08,374 - INFO - Logging in to Buy PGW Auto Glass
2025-05-01 03:12:09,081 - INFO - Chrome driver set up in 0.73s
2025-05-01 03:12:09,089 - INFO - Searching part in Pilkington: 2000
2025-05-01 03:12:09,767 - INFO - Chrome driver set up in 0.67s
2025-05-01 03:12:09,768 - INFO - Searching part in MyGrant: 2000
2025-05-01 03:12:09,768 - INFO - Checking login status for MyGrant
2025-05-01 03:12:09,769 - INFO - Performing full login to MyGrant
2025-05-01 03:12:18,823 - INFO - Logging form - trying to login
2025-05-01 03:12:21,963 - INFO - Login successful - saved 3 cookies
2025-05-01 03:12:22,999 - ERROR - Login error: Message: 
Stacktrace:
	GetHandleVerifier [0x008DC7F3+24435]
	(No symbol) [0x00862074]
	(No symbol) [0x007306E3]
	(No symbol) [0x00778B39]
	(No symbol) [0x00778E8B]
	(No symbol) [0x007C1AC2]
	(No symbol) [0x0079D804]
	(No symbol) [0x007BF20A]
	(No symbol) [0x0079D5B6]
	(No symbol) [0x0076C54F]
	(No symbol) [0x0076D894]
	GetHandleVerifier [0x00BE70A3+3213347]
	GetHandleVerifier [0x00BFB0C9+3295305]
	GetHandleVerifier [0x00BF558C+3271948]
	GetHandleVerifier [0x00977360+658144]
	(No symbol) [0x0086B27D]
	(No symbol) [0x00868208]
	(No symbol) [0x008683A9]
	(No symbol) [0x0085AAC0]
	BaseThreadInitThunk [0x756D5D49+25]
	RtlInitializeExceptionChain [0x7765CF0B+107]
	RtlGetAppContainerNamedObjectPath [0x7765CE91+561]

2025-05-01 03:12:22,999 - ERROR - Failed to login to MyGrant
2025-05-01 03:12:23,000 - INFO - MyGrant scraper completed in 13.90s
2025-05-01 03:12:23,028 - INFO - 127.0.0.1 - - [01/May/2025 03:12:23] "GET /products/2000 HTTP/1.1" 200 -
2025-05-01 03:12:23,049 - INFO - username inserted
2025-05-01 03:12:23,166 - INFO - password inserted
2025-05-01 03:12:23,287 - INFO - checkbox clicked
2025-05-01 03:12:23,471 - INFO - crendential submitted
2025-05-01 03:12:29,967 - INFO - Search submitted, waiting for results...
2025-05-01 03:12:31,349 - INFO - successfully login
2025-05-01 03:12:31,376 - INFO - Closed popup window
2025-05-01 03:12:31,376 - INFO - Searching part in Pilkington: 2000
2025-05-01 03:12:32,733 - INFO - Found 4 matching part numbers
2025-05-01 03:12:32,733 - INFO - Processing part detail for DW02000
2025-05-01 03:12:32,734 - INFO - Using direct URL: https://importglasscorp.com/glass/DW02000/
2025-05-01 03:12:34,686 - INFO - Closed popup window
2025-05-01 03:12:35,759 - ERROR - Login error: Message: unknown error: net::ERR_CONNECTION_TIMED_OUT
  (Session info: chrome=135.0.7049.115)
Stacktrace:
	GetHandleVerifier [0x008DC7F3+24435]
	(No symbol) [0x00862074]
	(No symbol) [0x007306E3]
	(No symbol) [0x0072DB6E]
	(No symbol) [0x00721458]
	(No symbol) [0x00722D60]
	(No symbol) [0x007216E7]
	(No symbol) [0x00721243]
	(No symbol) [0x00720F51]
	(No symbol) [0x0071EE30]
	(No symbol) [0x0071F8BB]
	(No symbol) [0x0073419E]
	(No symbol) [0x007BFEE7]
	(No symbol) [0x0079D7BC]
	(No symbol) [0x007BF20A]
	(No symbol) [0x0079D5B6]
	(No symbol) [0x0076C54F]
	(No symbol) [0x0076D894]
	GetHandleVerifier [0x00BE70A3+3213347]
	GetHandleVerifier [0x00BFB0C9+3295305]
	GetHandleVerifier [0x00BF558C+3271948]
	GetHandleVerifier [0x00977360+658144]
	(No symbol) [0x0086B27D]
	(No symbol) [0x00868208]
	(No symbol) [0x008683A9]
	(No symbol) [0x0085AAC0]
	BaseThreadInitThunk [0x756D5D49+25]
	RtlInitializeExceptionChain [0x7765CF0B+107]
	RtlGetAppContainerNamedObjectPath [0x7765CE91+561]

2025-05-01 03:12:35,760 - ERROR - Error in searchPart: Message: unknown error: net::ERR_CONNECTION_TIMED_OUT
  (Session info: chrome=135.0.7049.115)
Stacktrace:
	GetHandleVerifier [0x008DC7F3+24435]
	(No symbol) [0x00862074]
	(No symbol) [0x007306E3]
	(No symbol) [0x0072DB6E]
	(No symbol) [0x00721458]
	(No symbol) [0x00722D60]
	(No symbol) [0x007216E7]
	(No symbol) [0x00721243]
	(No symbol) [0x00720F51]
	(No symbol) [0x0071EE30]
	(No symbol) [0x0071F8BB]
	(No symbol) [0x0073419E]
	(No symbol) [0x007BFEE7]
	(No symbol) [0x0079D7BC]
	(No symbol) [0x007BF20A]
	(No symbol) [0x0079D5B6]
	(No symbol) [0x0076C54F]
	(No symbol) [0x0076D894]
	GetHandleVerifier [0x00BE70A3+3213347]
	GetHandleVerifier [0x00BFB0C9+3295305]
	GetHandleVerifier [0x00BF558C+3271948]
	GetHandleVerifier [0x00977360+658144]
	(No symbol) [0x0086B27D]
	(No symbol) [0x00868208]
	(No symbol) [0x008683A9]
	(No symbol) [0x0085AAC0]
	BaseThreadInitThunk [0x756D5D49+25]
	RtlInitializeExceptionChain [0x7765CF0B+107]
	RtlGetAppContainerNamedObjectPath [0x7765CE91+561]

2025-05-01 03:12:35,761 - INFO - PGW scraper completed in 28.05s
2025-05-01 03:12:39,546 - INFO - Processing part detail for FW02000
2025-05-01 03:12:39,547 - INFO - Using direct URL: https://importglasscorp.com/glass/FW02000/
2025-05-01 03:12:39,851 - INFO - Location: Miami, FL.
2025-05-01 03:12:41,701 - INFO - Found 24 parts for 2000
2025-05-01 03:12:41,702 - INFO - Pilkington scraper completed in 33.35s
2025-05-01 03:12:49,969 - INFO - Found available part: FW02000, $237.97, Opa-Locka
2025-05-01 03:12:49,969 - INFO - Processing part detail for FD02000
2025-05-01 03:12:49,970 - INFO - Using direct URL: https://importglasscorp.com/glass/FD02000/
2025-05-01 03:12:52,538 - INFO - Processing part detail for WKTF2000
2025-05-01 03:12:52,538 - INFO - Using direct URL: https://importglasscorp.com/glass/WKTF2000/
2025-05-01 03:12:54,858 - INFO - Final results count: 1
2025-05-01 03:12:54,859 - INFO - IGC scraper completed in 60.10s
2025-05-01 03:12:54,861 - INFO - All scrapers completed in 60.29s
2025-05-01 03:13:42,129 - INFO - 127.0.0.1 - - [01/May/2025 03:13:42] "GET /part-search/2000 HTTP/1.1" 200 -
2025-05-01 03:13:49,047 - INFO - patching driver executable C:\Users\Arsalan-Dev\appdata\roaming\undetected_chromedriver\undetected_chromedriver.exe
2025-05-01 03:13:52,194 - INFO - Chrome driver set up in 10.02s
2025-05-01 03:13:52,194 - INFO - Searching part in IGC: 2000
2025-05-01 03:13:52,195 - INFO - Searching part in IGC: 2000
2025-05-01 03:13:52,196 - INFO - Logging in to Import Glass Corp
2025-05-01 03:13:52,802 - INFO - Chrome driver set up in 0.61s
2025-05-01 03:13:52,802 - INFO - Searching part in PGW: 2000
2025-05-01 03:13:52,860 - INFO - Not on search page, attempting to login first
2025-05-01 03:13:52,861 - INFO - Logging in to Buy PGW Auto Glass
2025-05-01 03:13:53,435 - INFO - Chrome driver set up in 0.63s
2025-05-01 03:13:53,435 - INFO - Searching part in Pilkington: 2000
2025-05-01 03:13:54,234 - INFO - Chrome driver set up in 0.79s
2025-05-01 03:13:54,235 - INFO - Searching part in MyGrant: 2000
2025-05-01 03:13:54,236 - INFO - Checking login status for MyGrant
2025-05-01 03:13:54,236 - INFO - Performing full login to MyGrant
2025-05-01 03:14:00,413 - INFO - Using existing session cookies
2025-05-01 03:14:01,484 - INFO - Session cookies expired, logging in again
2025-05-01 03:14:05,246 - INFO - Login successful - saved 4 cookies
2025-05-01 03:14:07,769 - ERROR - Login error: Message: 
Stacktrace:
	GetHandleVerifier [0x0083C7F3+24435]
	(No symbol) [0x007C2074]
	(No symbol) [0x006906E3]
	(No symbol) [0x006D8B39]
	(No symbol) [0x006D8E8B]
	(No symbol) [0x00721AC2]
	(No symbol) [0x006FD804]
	(No symbol) [0x0071F20A]
	(No symbol) [0x006FD5B6]
	(No symbol) [0x006CC54F]
	(No symbol) [0x006CD894]
	GetHandleVerifier [0x00B470A3+3213347]
	GetHandleVerifier [0x00B5B0C9+3295305]
	GetHandleVerifier [0x00B5558C+3271948]
	GetHandleVerifier [0x008D7360+658144]
	(No symbol) [0x007CB27D]
	(No symbol) [0x007C8208]
	(No symbol) [0x007C83A9]
	(No symbol) [0x007BAAC0]
	BaseThreadInitThunk [0x756D5D49+25]
	RtlInitializeExceptionChain [0x7765CF0B+107]
	RtlGetAppContainerNamedObjectPath [0x7765CE91+561]

2025-05-01 03:14:07,769 - ERROR - Failed to login to MyGrant
2025-05-01 03:14:07,771 - INFO - MyGrant scraper completed in 14.33s
2025-05-01 03:14:07,779 - INFO - 127.0.0.1 - - [01/May/2025 03:14:07] "GET /products/2000 HTTP/1.1" 200 -
2025-05-01 03:14:12,730 - INFO - Search submitted, waiting for results...
2025-05-01 03:14:14,391 - ERROR - Login error: Message: unknown error: net::ERR_CONNECTION_TIMED_OUT
  (Session info: chrome=135.0.7049.115)
Stacktrace:
	GetHandleVerifier [0x0083C7F3+24435]
	(No symbol) [0x007C2074]
	(No symbol) [0x006906E3]
	(No symbol) [0x0068DB6E]
	(No symbol) [0x00681458]
	(No symbol) [0x00682D60]
	(No symbol) [0x006816E7]
	(No symbol) [0x00681243]
	(No symbol) [0x00680F51]
	(No symbol) [0x0067EE30]
	(No symbol) [0x0067F8BB]
	(No symbol) [0x0069419E]
	(No symbol) [0x0071FEE7]
	(No symbol) [0x006FD7BC]
	(No symbol) [0x0071F20A]
	(No symbol) [0x006FD5B6]
	(No symbol) [0x006CC54F]
	(No symbol) [0x006CD894]
	GetHandleVerifier [0x00B470A3+3213347]
	GetHandleVerifier [0x00B5B0C9+3295305]
	GetHandleVerifier [0x00B5558C+3271948]
	GetHandleVerifier [0x008D7360+658144]
	(No symbol) [0x007CB27D]
	(No symbol) [0x007C8208]
	(No symbol) [0x007C83A9]
	(No symbol) [0x007BAAC0]
	BaseThreadInitThunk [0x756D5D49+25]
	RtlInitializeExceptionChain [0x7765CF0B+107]
	RtlGetAppContainerNamedObjectPath [0x7765CE91+561]

2025-05-01 03:14:14,392 - ERROR - Error in searchPart: Message: unknown error: net::ERR_CONNECTION_TIMED_OUT
  (Session info: chrome=135.0.7049.115)
Stacktrace:
	GetHandleVerifier [0x0083C7F3+24435]
	(No symbol) [0x007C2074]
	(No symbol) [0x006906E3]
	(No symbol) [0x0068DB6E]
	(No symbol) [0x00681458]
	(No symbol) [0x00682D60]
	(No symbol) [0x006816E7]
	(No symbol) [0x00681243]
	(No symbol) [0x00680F51]
	(No symbol) [0x0067EE30]
	(No symbol) [0x0067F8BB]
	(No symbol) [0x0069419E]
	(No symbol) [0x0071FEE7]
	(No symbol) [0x006FD7BC]
	(No symbol) [0x0071F20A]
	(No symbol) [0x006FD5B6]
	(No symbol) [0x006CC54F]
	(No symbol) [0x006CD894]
	GetHandleVerifier [0x00B470A3+3213347]
	GetHandleVerifier [0x00B5B0C9+3295305]
	GetHandleVerifier [0x00B5558C+3271948]
	GetHandleVerifier [0x008D7360+658144]
	(No symbol) [0x007CB27D]
	(No symbol) [0x007C8208]
	(No symbol) [0x007C83A9]
	(No symbol) [0x007BAAC0]
	BaseThreadInitThunk [0x756D5D49+25]
	RtlInitializeExceptionChain [0x7765CF0B+107]
	RtlGetAppContainerNamedObjectPath [0x7765CE91+561]

2025-05-01 03:14:14,393 - INFO - PGW scraper completed in 22.20s
2025-05-01 03:14:14,480 - INFO - Found 4 matching part numbers
2025-05-01 03:14:14,480 - INFO - Processing part detail for DW02000
2025-05-01 03:14:14,480 - INFO - Using direct URL: https://importglasscorp.com/glass/DW02000/
2025-05-01 03:14:16,556 - INFO - 127.0.0.1 - - [01/May/2025 03:14:16] "[32mGET /logout HTTP/1.1[0m" 302 -
2025-05-01 03:14:16,565 - INFO - 127.0.0.1 - - [01/May/2025 03:14:16] "GET /login HTTP/1.1" 200 -
2025-05-01 03:14:23,194 - INFO - Logging form - trying to login
2025-05-01 03:14:23,910 - INFO - Processing part detail for FW02000
2025-05-01 03:14:23,911 - INFO - Using direct URL: https://importglasscorp.com/glass/FW02000/
2025-05-01 03:14:28,716 - INFO - username inserted
2025-05-01 03:14:28,803 - INFO - password inserted
2025-05-01 03:14:28,923 - INFO - checkbox clicked
2025-05-01 03:14:29,048 - INFO - crendential submitted
2025-05-01 03:14:32,561 - INFO - Found available part: FW02000, $237.97, Opa-Locka
2025-05-01 03:14:32,561 - INFO - Processing part detail for FD02000
2025-05-01 03:14:32,562 - INFO - Using direct URL: https://importglasscorp.com/glass/FD02000/
2025-05-01 03:14:33,140 - ERROR - Error in Pilkington scraper: ('Connection aborted.', ConnectionResetError(10054, 'An existing connection was forcibly closed by the remote host', None, 10054, None))
2025-05-01 03:14:33,143 - INFO - Pilkington scraper completed in 40.34s
2025-05-02 02:16:45,703 - INFO - [31m[1mWARNING: This is a development server. Do not use it in a production deployment. Use a production WSGI server instead.[0m
 * Running on all addresses (0.0.0.0)
 * Running on http://127.0.0.1:2211
 * Running on http://192.168.170.69:2211
2025-05-02 02:16:45,705 - INFO - [33mPress CTRL+C to quit[0m
2025-05-02 02:16:45,709 - INFO -  * Restarting with stat
2025-05-02 02:16:47,048 - WARNING -  * Debugger is active!
2025-05-02 02:16:47,053 - INFO -  * Debugger PIN: 621-090-782
2025-05-02 02:16:49,194 - INFO - 192.168.170.69 - - [02/May/2025 02:16:49] "[32mGET / HTTP/1.1[0m" 302 -
2025-05-02 02:16:49,223 - INFO - 192.168.170.69 - - [02/May/2025 02:16:49] "GET /login?next=/ HTTP/1.1" 200 -
2025-05-02 02:16:49,310 - INFO - 192.168.170.69 - - [02/May/2025 02:16:49] "[33mGET /favicon.ico HTTP/1.1[0m" 404 -
2025-05-02 02:16:51,784 - INFO - 192.168.170.69 - - [02/May/2025 02:16:51] "[32mPOST /login?next=/ HTTP/1.1[0m" 302 -
2025-05-02 02:16:51,820 - INFO - 192.168.170.69 - - [02/May/2025 02:16:51] "GET / HTTP/1.1" 200 -
2025-05-02 02:16:55,880 - INFO - 192.168.170.69 - - [02/May/2025 02:16:55] "GET /part-search/2000 HTTP/1.1" 200 -
2025-05-02 02:16:55,902 - INFO - Starting new request f5e47738-de2f-478d-864a-90e7ff800371 for part 2000
2025-05-02 02:17:01,460 - INFO - 192.168.170.69 - - [02/May/2025 02:17:01] "GET /part-search/1000 HTTP/1.1" 200 -
2025-05-02 02:17:01,516 - INFO - Starting new request e94cce6a-eaca-436d-8757-c043519659c7 for part 1000
2025-05-02 02:17:01,833 - INFO - patching driver executable C:\Users\Arsalan-Dev\appdata\roaming\undetected_chromedriver\undetected_chromedriver.exe
2025-05-02 02:17:06,270 - INFO - Chrome driver set up in 10.10s
2025-05-02 02:17:06,271 - INFO - [f5e47738-de2f-478d-864a-90e7ff800371] Searching part in IGC: 2000
2025-05-02 02:17:06,272 - INFO - Searching part in IGC: 2000
2025-05-02 02:17:06,273 - ERROR - [f5e47738-de2f-478d-864a-90e7ff800371] Error in PGW scraper setup after 0.00s: <asyncio.locks.Lock object at 0x00000165C89C1FD0 [unlocked, waiters:4]> is bound to a different event loop
2025-05-02 02:17:06,273 - INFO - Logging in to Import Glass Corp
2025-05-02 02:17:06,274 - ERROR - [f5e47738-de2f-478d-864a-90e7ff800371] Error in Pilkington scraper setup after 0.00s: <asyncio.locks.Lock object at 0x00000165C89C1FD0 [unlocked, waiters:4]> is bound to a different event loop
2025-05-02 02:17:06,275 - ERROR - [f5e47738-de2f-478d-864a-90e7ff800371] Error in MyGrant scraper setup after 0.00s: <asyncio.locks.Lock object at 0x00000165C89C1FD0 [unlocked, waiters:4]> is bound to a different event loop
2025-05-02 02:17:06,276 - INFO - 192.168.170.69 - - [02/May/2025 02:17:06] "GET /products/2000 HTTP/1.1" 200 -
2025-05-02 02:17:20,832 - INFO - Login successful - saved 3 cookies
2025-05-02 02:17:25,189 - INFO - Search submitted, waiting for results...
2025-05-02 02:17:27,861 - INFO - Found 4 matching part numbers
2025-05-02 02:17:27,862 - INFO - Processing part detail for DW02000
2025-05-02 02:17:27,862 - INFO - Using direct URL: https://importglasscorp.com/glass/DW02000/
2025-05-02 02:17:34,223 - INFO - Processing part detail for FW02000
2025-05-02 02:17:34,224 - INFO - Using direct URL: https://importglasscorp.com/glass/FW02000/
2025-05-02 02:17:42,428 - INFO - Found available part: FW02000, $237.97, Opa-Locka
2025-05-02 02:17:42,428 - INFO - Processing part detail for FD02000
2025-05-02 02:17:42,429 - INFO - Using direct URL: https://importglasscorp.com/glass/FD02000/
2025-05-02 02:17:44,365 - INFO - Processing part detail for WKTF2000
2025-05-02 02:17:44,365 - INFO - Using direct URL: https://importglasscorp.com/glass/WKTF2000/
2025-05-02 02:17:45,931 - INFO - Final results count: 1
2025-05-02 02:17:45,932 - INFO - [f5e47738-de2f-478d-864a-90e7ff800371] IGC scraper completed in 49.77s
2025-05-02 02:17:45,946 - INFO - [f5e47738-de2f-478d-864a-90e7ff800371] All scrapers completed in 50.04s
2025-05-02 02:17:45,947 - INFO - Request f5e47738-de2f-478d-864a-90e7ff800371 completed and resources cleaned up
2025-05-02 02:18:20,494 - INFO - 192.168.170.69 - - [02/May/2025 02:18:20] "GET / HTTP/1.1" 200 -
2025-05-02 02:18:55,273 - INFO -  * Detected change in 'c:\\Users\\Arsalan-Dev\\Desktop\\newdevelop\\Streamlit-PartsScraper\\partScraper.py', reloading
2025-05-02 02:18:59,526 - INFO -  * Restarting with stat
2025-05-02 02:19:01,475 - WARNING -  * Debugger is active!
2025-05-02 02:19:01,480 - INFO -  * Debugger PIN: 621-090-782
2025-05-02 02:19:01,544 - INFO - 192.168.170.69 - - [02/May/2025 02:19:01] "GET / HTTP/1.1" 200 -
2025-05-02 02:19:07,425 - INFO - 192.168.170.69 - - [02/May/2025 02:19:07] "GET /part-search/2000 HTTP/1.1" 200 -
2025-05-02 02:19:07,457 - INFO - Starting new request d5ab11cd-6f53-4b67-bd33-a441731fab5f for part 2000
2025-05-02 02:19:11,784 - INFO - 192.168.170.69 - - [02/May/2025 02:19:11] "GET /part-search/1000 HTTP/1.1" 200 -
2025-05-02 02:19:11,840 - INFO - Starting new request 25d431eb-b89b-4b68-9565-b007df63df14 for part 1000
2025-05-02 02:19:13,177 - INFO - patching driver executable C:\Users\Arsalan-Dev\appdata\roaming\undetected_chromedriver\undetected_chromedriver.exe
2025-05-02 02:19:16,109 - INFO - Chrome driver set up in 8.55s
2025-05-02 02:19:16,110 - INFO - [d5ab11cd-6f53-4b67-bd33-a441731fab5f] Searching part in IGC: 2000
2025-05-02 02:19:16,111 - INFO - Searching part in IGC: 2000
2025-05-02 02:19:16,111 - INFO - Logging in to Import Glass Corp
2025-05-02 02:19:16,741 - INFO - Chrome driver set up in 0.63s
2025-05-02 02:19:16,742 - INFO - [25d431eb-b89b-4b68-9565-b007df63df14] Searching part in IGC: 1000
2025-05-02 02:19:16,744 - INFO - Searching part in IGC: 1000
2025-05-02 02:19:16,745 - INFO - Logging in to Import Glass Corp
2025-05-02 02:19:17,468 - INFO - Chrome driver set up in 0.73s
2025-05-02 02:19:17,468 - INFO - [d5ab11cd-6f53-4b67-bd33-a441731fab5f] Searching part in PGW: 2000
2025-05-02 02:19:17,511 - INFO - Not on search page, attempting to login first
2025-05-02 02:19:17,513 - INFO - Logging in to Buy PGW Auto Glass
2025-05-02 02:19:18,084 - INFO - Chrome driver set up in 0.62s
2025-05-02 02:19:18,085 - INFO - [25d431eb-b89b-4b68-9565-b007df63df14] Searching part in PGW: 1000
2025-05-02 02:19:18,140 - INFO - Not on search page, attempting to login first
2025-05-02 02:19:18,140 - INFO - Logging in to Buy PGW Auto Glass
2025-05-02 02:19:18,772 - INFO - Chrome driver set up in 0.69s
2025-05-02 02:19:18,772 - INFO - [d5ab11cd-6f53-4b67-bd33-a441731fab5f] Searching part in Pilkington: 2000
2025-05-02 02:19:19,449 - INFO - Chrome driver set up in 0.68s
2025-05-02 02:19:19,450 - INFO - [25d431eb-b89b-4b68-9565-b007df63df14] Searching part in Pilkington: 1000
2025-05-02 02:19:20,093 - INFO - Chrome driver set up in 0.64s
2025-05-02 02:19:20,094 - INFO - [d5ab11cd-6f53-4b67-bd33-a441731fab5f] Searching part in MyGrant: 2000
2025-05-02 02:19:20,095 - INFO - Checking login status for MyGrant
2025-05-02 02:19:20,095 - INFO - Performing full login to MyGrant
2025-05-02 02:19:20,863 - INFO - Chrome driver set up in 0.77s
2025-05-02 02:19:20,864 - INFO - [25d431eb-b89b-4b68-9565-b007df63df14] Searching part in MyGrant: 1000
2025-05-02 02:19:20,867 - INFO - Checking login status for MyGrant
2025-05-02 02:19:20,867 - INFO - Performing full login to MyGrant
2025-05-02 02:19:30,089 - INFO - Logging form - trying to login
2025-05-02 02:19:31,579 - ERROR - Login error: Message: 
Stacktrace:
	GetHandleVerifier [0x0058C7F3+24435]
	(No symbol) [0x00512074]
	(No symbol) [0x003E06E3]
	(No symbol) [0x00428B39]
	(No symbol) [0x00428E8B]
	(No symbol) [0x00471AC2]
	(No symbol) [0x0044D804]
	(No symbol) [0x0046F20A]
	(No symbol) [0x0044D5B6]
	(No symbol) [0x0041C54F]
	(No symbol) [0x0041D894]
	GetHandleVerifier [0x008970A3+3213347]
	GetHandleVerifier [0x008AB0C9+3295305]
	GetHandleVerifier [0x008A558C+3271948]
	GetHandleVerifier [0x00627360+658144]
	(No symbol) [0x0051B27D]
	(No symbol) [0x00518208]
	(No symbol) [0x005183A9]
	(No symbol) [0x0050AAC0]
	BaseThreadInitThunk [0x756D5D49+25]
	RtlInitializeExceptionChain [0x7765CF0B+107]
	RtlGetAppContainerNamedObjectPath [0x7765CE91+561]

2025-05-02 02:19:31,590 - ERROR - Failed to login to MyGrant
2025-05-02 02:19:31,591 - INFO - [d5ab11cd-6f53-4b67-bd33-a441731fab5f] MyGrant scraper completed in 12.82s
2025-05-02 02:19:31,604 - INFO - 192.168.170.69 - - [02/May/2025 02:19:31] "GET /products/2000 HTTP/1.1" 200 -
2025-05-02 02:19:33,703 - ERROR - Login error: Message: 
Stacktrace:
	GetHandleVerifier [0x0058C7F3+24435]
	(No symbol) [0x00512074]
	(No symbol) [0x003E06E3]
	(No symbol) [0x00428B39]
	(No symbol) [0x00428E8B]
	(No symbol) [0x00471AC2]
	(No symbol) [0x0044D804]
	(No symbol) [0x0046F20A]
	(No symbol) [0x0044D5B6]
	(No symbol) [0x0041C54F]
	(No symbol) [0x0041D894]
	GetHandleVerifier [0x008970A3+3213347]
	GetHandleVerifier [0x008AB0C9+3295305]
	GetHandleVerifier [0x008A558C+3271948]
	GetHandleVerifier [0x00627360+658144]
	(No symbol) [0x0051B27D]
	(No symbol) [0x00518208]
	(No symbol) [0x005183A9]
	(No symbol) [0x0050AAC0]
	BaseThreadInitThunk [0x756D5D49+25]
	RtlInitializeExceptionChain [0x7765CF0B+107]
	RtlGetAppContainerNamedObjectPath [0x7765CE91+561]

2025-05-02 02:19:33,703 - ERROR - Failed to login to MyGrant
2025-05-02 02:19:33,704 - INFO - [25d431eb-b89b-4b68-9565-b007df63df14] MyGrant scraper completed in 14.25s
2025-05-02 02:19:33,714 - INFO - 192.168.170.69 - - [02/May/2025 02:19:33] "GET /products/1000 HTTP/1.1" 200 -
2025-05-02 02:19:38,825 - ERROR - Login error: Message: unknown error: net::ERR_CONNECTION_TIMED_OUT
  (Session info: chrome=135.0.7049.115)
Stacktrace:
	GetHandleVerifier [0x0058C7F3+24435]
	(No symbol) [0x00512074]
	(No symbol) [0x003E06E3]
	(No symbol) [0x003DDB6E]
	(No symbol) [0x003D1458]
	(No symbol) [0x003D2D60]
	(No symbol) [0x003D16E7]
	(No symbol) [0x003D1243]
	(No symbol) [0x003D0F51]
	(No symbol) [0x003CEE30]
	(No symbol) [0x003CF8BB]
	(No symbol) [0x003E419E]
	(No symbol) [0x0046FEE7]
	(No symbol) [0x0044D7BC]
	(No symbol) [0x0046F20A]
	(No symbol) [0x0044D5B6]
	(No symbol) [0x0041C54F]
	(No symbol) [0x0041D894]
	GetHandleVerifier [0x008970A3+3213347]
	GetHandleVerifier [0x008AB0C9+3295305]
	GetHandleVerifier [0x008A558C+3271948]
	GetHandleVerifier [0x00627360+658144]
	(No symbol) [0x0051B27D]
	(No symbol) [0x00518208]
	(No symbol) [0x005183A9]
	(No symbol) [0x0050AAC0]
	BaseThreadInitThunk [0x756D5D49+25]
	RtlInitializeExceptionChain [0x7765CF0B+107]
	RtlGetAppContainerNamedObjectPath [0x7765CE91+561]

2025-05-02 02:19:38,826 - ERROR - Failed to login
2025-05-02 02:19:38,827 - INFO - [25d431eb-b89b-4b68-9565-b007df63df14] IGC scraper completed in 26.99s
2025-05-02 02:19:41,109 - ERROR - Login error: Message: unknown error: net::ERR_CONNECTION_TIMED_OUT
  (Session info: chrome=135.0.7049.115)
Stacktrace:
	GetHandleVerifier [0x0058C7F3+24435]
	(No symbol) [0x00512074]
	(No symbol) [0x003E06E3]
	(No symbol) [0x003DDB6E]
	(No symbol) [0x003D1458]
	(No symbol) [0x003D2D60]
	(No symbol) [0x003D16E7]
	(No symbol) [0x003D1243]
	(No symbol) [0x003D0F51]
	(No symbol) [0x003CEE30]
	(No symbol) [0x003CF8BB]
	(No symbol) [0x003E419E]
	(No symbol) [0x0046FEE7]
	(No symbol) [0x0044D7BC]
	(No symbol) [0x0046F20A]
	(No symbol) [0x0044D5B6]
	(No symbol) [0x0041C54F]
	(No symbol) [0x0041D894]
	GetHandleVerifier [0x008970A3+3213347]
	GetHandleVerifier [0x008AB0C9+3295305]
	GetHandleVerifier [0x008A558C+3271948]
	GetHandleVerifier [0x00627360+658144]
	(No symbol) [0x0051B27D]
	(No symbol) [0x00518208]
	(No symbol) [0x005183A9]
	(No symbol) [0x0050AAC0]
	BaseThreadInitThunk [0x756D5D49+25]
	RtlInitializeExceptionChain [0x7765CF0B+107]
	RtlGetAppContainerNamedObjectPath [0x7765CE91+561]

2025-05-02 02:19:41,119 - ERROR - Error in searchPart: Message: unknown error: net::ERR_CONNECTION_TIMED_OUT
  (Session info: chrome=135.0.7049.115)
Stacktrace:
	GetHandleVerifier [0x0058C7F3+24435]
	(No symbol) [0x00512074]
	(No symbol) [0x003E06E3]
	(No symbol) [0x003DDB6E]
	(No symbol) [0x003D1458]
	(No symbol) [0x003D2D60]
	(No symbol) [0x003D16E7]
	(No symbol) [0x003D1243]
	(No symbol) [0x003D0F51]
	(No symbol) [0x003CEE30]
	(No symbol) [0x003CF8BB]
	(No symbol) [0x003E419E]
	(No symbol) [0x0046FEE7]
	(No symbol) [0x0044D7BC]
	(No symbol) [0x0046F20A]
	(No symbol) [0x0044D5B6]
	(No symbol) [0x0041C54F]
	(No symbol) [0x0041D894]
	GetHandleVerifier [0x008970A3+3213347]
	GetHandleVerifier [0x008AB0C9+3295305]
	GetHandleVerifier [0x008A558C+3271948]
	GetHandleVerifier [0x00627360+658144]
	(No symbol) [0x0051B27D]
	(No symbol) [0x00518208]
	(No symbol) [0x005183A9]
	(No symbol) [0x0050AAC0]
	BaseThreadInitThunk [0x756D5D49+25]
	RtlInitializeExceptionChain [0x7765CF0B+107]
	RtlGetAppContainerNamedObjectPath [0x7765CE91+561]

2025-05-02 02:19:41,123 - INFO - [d5ab11cd-6f53-4b67-bd33-a441731fab5f] PGW scraper completed in 25.01s
2025-05-02 02:19:42,341 - ERROR - Login error: Message: unknown error: net::ERR_CONNECTION_TIMED_OUT
  (Session info: chrome=135.0.7049.115)
Stacktrace:
	GetHandleVerifier [0x0058C7F3+24435]
	(No symbol) [0x00512074]
	(No symbol) [0x003E06E3]
	(No symbol) [0x003DDB6E]
	(No symbol) [0x003D1458]
	(No symbol) [0x003D2D60]
	(No symbol) [0x003D16E7]
	(No symbol) [0x003D1243]
	(No symbol) [0x003D0F51]
	(No symbol) [0x003CEE30]
	(No symbol) [0x003CF8BB]
	(No symbol) [0x003E419E]
	(No symbol) [0x0046FEE7]
	(No symbol) [0x0044D7BC]
	(No symbol) [0x0046F20A]
	(No symbol) [0x0044D5B6]
	(No symbol) [0x0041C54F]
	(No symbol) [0x0041D894]
	GetHandleVerifier [0x008970A3+3213347]
	GetHandleVerifier [0x008AB0C9+3295305]
	GetHandleVerifier [0x008A558C+3271948]
	GetHandleVerifier [0x00627360+658144]
	(No symbol) [0x0051B27D]
	(No symbol) [0x00518208]
	(No symbol) [0x005183A9]
	(No symbol) [0x0050AAC0]
	BaseThreadInitThunk [0x756D5D49+25]
	RtlInitializeExceptionChain [0x7765CF0B+107]
	RtlGetAppContainerNamedObjectPath [0x7765CE91+561]

2025-05-02 02:19:42,342 - ERROR - Error in searchPart: Message: unknown error: net::ERR_CONNECTION_TIMED_OUT
  (Session info: chrome=135.0.7049.115)
Stacktrace:
	GetHandleVerifier [0x0058C7F3+24435]
	(No symbol) [0x00512074]
	(No symbol) [0x003E06E3]
	(No symbol) [0x003DDB6E]
	(No symbol) [0x003D1458]
	(No symbol) [0x003D2D60]
	(No symbol) [0x003D16E7]
	(No symbol) [0x003D1243]
	(No symbol) [0x003D0F51]
	(No symbol) [0x003CEE30]
	(No symbol) [0x003CF8BB]
	(No symbol) [0x003E419E]
	(No symbol) [0x0046FEE7]
	(No symbol) [0x0044D7BC]
	(No symbol) [0x0046F20A]
	(No symbol) [0x0044D5B6]
	(No symbol) [0x0041C54F]
	(No symbol) [0x0041D894]
	GetHandleVerifier [0x008970A3+3213347]
	GetHandleVerifier [0x008AB0C9+3295305]
	GetHandleVerifier [0x008A558C+3271948]
	GetHandleVerifier [0x00627360+658144]
	(No symbol) [0x0051B27D]
	(No symbol) [0x00518208]
	(No symbol) [0x005183A9]
	(No symbol) [0x0050AAC0]
	BaseThreadInitThunk [0x756D5D49+25]
	RtlInitializeExceptionChain [0x7765CF0B+107]
	RtlGetAppContainerNamedObjectPath [0x7765CE91+561]

2025-05-02 02:19:42,343 - INFO - [25d431eb-b89b-4b68-9565-b007df63df14] PGW scraper completed in 25.60s
2025-05-02 02:19:43,613 - INFO - username inserted
2025-05-02 02:19:43,785 - INFO - password inserted
2025-05-02 02:19:44,021 - INFO - checkbox clicked
2025-05-02 02:19:44,099 - INFO - Login successful - saved 3 cookies
2025-05-02 02:19:47,188 - INFO - crendential submitted
2025-05-02 02:19:47,720 - INFO - Search submitted, waiting for results...
2025-05-02 02:19:48,812 - ERROR - Error in Pilkington scraper: Message: timeout: Timed out receiving message from renderer: 5.016
  (Session info: chrome=135.0.7049.115)
Stacktrace:
	GetHandleVerifier [0x0058C7F3+24435]
	(No symbol) [0x00512074]
	(No symbol) [0x003E06E3]
	(No symbol) [0x003D121B]
	(No symbol) [0x003D0F51]
	(No symbol) [0x003CEE30]
	(No symbol) [0x003CF9DD]
	(No symbol) [0x003DBFE9]
	(No symbol) [0x003ED975]
	(No symbol) [0x003F3236]
	(No symbol) [0x003CFFED]
	(No symbol) [0x003ED718]
	(No symbol) [0x0046F4F8]
	(No symbol) [0x0044D5B6]
	(No symbol) [0x0041C54F]
	(No symbol) [0x0041D894]
	GetHandleVerifier [0x008970A3+3213347]
	GetHandleVerifier [0x008AB0C9+3295305]
	GetHandleVerifier [0x008A558C+3271948]
	GetHandleVerifier [0x00627360+658144]
	(No symbol) [0x0051B27D]
	(No symbol) [0x00518208]
	(No symbol) [0x005183A9]
	(No symbol) [0x0050AAC0]
	BaseThreadInitThunk [0x756D5D49+25]
	RtlInitializeExceptionChain [0x7765CF0B+107]
	RtlGetAppContainerNamedObjectPath [0x7765CE91+561]

2025-05-02 02:19:48,814 - INFO - [d5ab11cd-6f53-4b67-bd33-a441731fab5f] Pilkington scraper completed in 31.34s
2025-05-02 02:19:48,900 - INFO - successfully login
2025-05-02 02:19:48,924 - INFO - Closed popup window
2025-05-02 02:19:48,925 - INFO - Searching part in Pilkington: 1000
2025-05-02 02:19:49,383 - INFO - Found 4 matching part numbers
2025-05-02 02:19:49,383 - INFO - Processing part detail for DW02000
2025-05-02 02:19:49,383 - INFO - Using direct URL: https://importglasscorp.com/glass/DW02000/
2025-05-02 02:19:52,937 - INFO - Closed popup window
2025-05-02 02:19:58,100 - INFO - Location: Miami, FL.
2025-05-02 02:19:59,111 - INFO - Found 7 parts for 1000
2025-05-02 02:19:59,112 - INFO - [25d431eb-b89b-4b68-9565-b007df63df14] Pilkington scraper completed in 41.02s
2025-05-02 02:19:59,114 - INFO - [25d431eb-b89b-4b68-9565-b007df63df14] All scrapers completed in 47.27s
2025-05-02 02:19:59,116 - INFO - Request 25d431eb-b89b-4b68-9565-b007df63df14 completed and resources cleaned up
2025-05-02 02:20:01,477 - INFO - Processing part detail for FW02000
2025-05-02 02:20:01,478 - INFO - Using direct URL: https://importglasscorp.com/glass/FW02000/
2025-05-02 02:20:18,764 - INFO - Found available part: FW02000, $237.97, Opa-Locka
2025-05-02 02:20:18,765 - INFO - Processing part detail for FD02000
2025-05-02 02:20:18,765 - INFO - Using direct URL: https://importglasscorp.com/glass/FD02000/
2025-05-02 02:20:22,106 - INFO - Processing part detail for WKTF2000
2025-05-02 02:20:22,107 - INFO - Using direct URL: https://importglasscorp.com/glass/WKTF2000/
2025-05-02 02:20:24,983 - INFO - Final results count: 1
2025-05-02 02:20:24,985 - INFO - [d5ab11cd-6f53-4b67-bd33-a441731fab5f] IGC scraper completed in 77.43s
2025-05-02 02:20:24,987 - INFO - [d5ab11cd-6f53-4b67-bd33-a441731fab5f] All scrapers completed in 77.53s
2025-05-02 02:20:24,987 - INFO - Request d5ab11cd-6f53-4b67-bd33-a441731fab5f completed and resources cleaned up
2025-05-02 03:04:53,226 - INFO - [31m[1mWARNING: This is a development server. Do not use it in a production deployment. Use a production WSGI server instead.[0m
 * Running on all addresses (0.0.0.0)
 * Running on http://127.0.0.1:2211
 * Running on http://192.168.170.69:2211
2025-05-02 03:04:53,227 - INFO - [33mPress CTRL+C to quit[0m
2025-05-02 03:04:53,231 - INFO -  * Restarting with stat
2025-05-02 03:04:54,665 - WARNING -  * Debugger is active!
2025-05-02 03:04:54,667 - INFO -  * Debugger PIN: 621-090-782
2025-05-02 03:05:19,311 - INFO -  * Detected change in 'c:\\Users\\Arsalan-Dev\\Desktop\\newdevelop\\Streamlit-PartsScraper\\app.py', reloading
2025-05-02 03:05:19,448 - INFO -  * Restarting with stat
2025-05-02 03:05:20,817 - WARNING -  * Debugger is active!
2025-05-02 03:05:20,819 - INFO -  * Debugger PIN: 621-090-782
2025-05-02 03:05:33,780 - INFO - [31m[1mWARNING: This is a development server. Do not use it in a production deployment. Use a production WSGI server instead.[0m
 * Running on all addresses (0.0.0.0)
 * Running on http://127.0.0.1:2210
 * Running on http://192.168.170.69:2210
2025-05-02 03:05:33,781 - INFO - [33mPress CTRL+C to quit[0m
2025-05-02 03:05:33,783 - INFO -  * Restarting with stat
2025-05-02 03:05:35,303 - WARNING -  * Debugger is active!
2025-05-02 03:05:35,306 - INFO -  * Debugger PIN: 621-090-782
2025-05-02 03:05:49,378 - INFO - 192.168.170.69 - - [02/May/2025 03:05:49] "[32mGET / HTTP/1.1[0m" 302 -
2025-05-02 03:05:49,398 - INFO - 192.168.170.69 - - [02/May/2025 03:05:49] "GET /login?next=/ HTTP/1.1" 200 -
2025-05-02 03:05:49,480 - INFO - 192.168.170.69 - - [02/May/2025 03:05:49] "[33mGET /favicon.ico HTTP/1.1[0m" 404 -
2025-05-02 03:06:08,378 - INFO - 192.168.170.69 - - [02/May/2025 03:06:08] "[32mPOST /login?next=/ HTTP/1.1[0m" 302 -
2025-05-02 03:06:08,414 - INFO - 192.168.170.69 - - [02/May/2025 03:06:08] "GET / HTTP/1.1" 200 -
2025-05-02 22:51:53,438 - INFO - [31m[1mWARNING: This is a development server. Do not use it in a production deployment. Use a production WSGI server instead.[0m
 * Running on all addresses (0.0.0.0)
 * Running on http://127.0.0.1:5000
 * Running on http://192.168.170.69:5000
2025-05-02 22:51:53,439 - INFO - [33mPress CTRL+C to quit[0m
2025-05-02 22:51:53,443 - INFO -  * Restarting with stat
2025-05-02 22:51:55,007 - WARNING -  * Debugger is active!
2025-05-02 22:51:55,021 - INFO -  * Debugger PIN: 621-090-782
2025-05-02 22:51:58,865 - INFO - 192.168.170.69 - - [02/May/2025 22:51:58] "[32mGET / HTTP/1.1[0m" 302 -
2025-05-02 22:51:58,887 - INFO - 192.168.170.69 - - [02/May/2025 22:51:58] "GET /login?next=/ HTTP/1.1" 200 -
2025-05-02 22:51:58,967 - INFO - 192.168.170.69 - - [02/May/2025 22:51:58] "[33mGET /favicon.ico HTTP/1.1[0m" 404 -
2025-05-02 22:52:05,668 - INFO - 192.168.170.69 - - [02/May/2025 22:52:05] "[32mPOST /login?next=/ HTTP/1.1[0m" 302 -
2025-05-02 22:52:05,717 - INFO - 192.168.170.69 - - [02/May/2025 22:52:05] "GET / HTTP/1.1" 200 -
2025-05-02 22:52:11,841 - INFO - 192.168.170.69 - - [02/May/2025 22:52:11] "GET /part-search/2000 HTTP/1.1" 200 -
2025-05-02 22:52:11,883 - INFO - 192.168.170.69 - - [02/May/2025 22:52:11] "GET /products/2000 HTTP/1.1" 200 -
2025-05-02 22:52:17,563 - INFO - 192.168.170.69 - - [02/May/2025 22:52:17] "GET /part-search/1000 HTTP/1.1" 200 -
2025-05-02 22:52:17,613 - INFO - 192.168.170.69 - - [02/May/2025 22:52:17] "GET /products/1000 HTTP/1.1" 200 -
2025-05-02 22:52:19,491 - INFO - patching driver executable C:\Users\Arsalan-Dev\appdata\roaming\undetected_chromedriver\undetected_chromedriver.exe
2025-05-02 22:52:24,226 - INFO - Chrome driver set up in 12.09s
2025-05-02 22:52:24,227 - INFO - User 57c1f78f-8c83-4c79-aea4-9a0b33d66a8b: Searching part in IGC: 2000
2025-05-02 22:52:24,228 - INFO - Searching part in IGC: 2000
2025-05-02 22:52:24,229 - INFO - Logging in to Import Glass Corp
2025-05-02 22:52:25,095 - INFO - Chrome driver set up in 0.87s
2025-05-02 22:52:25,096 - INFO - User 57c1f78f-8c83-4c79-aea4-9a0b33d66a8b: Searching part in PGW: 2000
2025-05-02 22:52:25,325 - INFO - Not on search page, attempting to login first
2025-05-02 22:52:25,327 - INFO - Logging in to Buy PGW Auto Glass
2025-05-02 22:52:25,513 - ERROR - Driver setup failed after 7.89s: [WinError 183] Cannot create a file when that file already exists: 'C:\\Users\\Arsalan-Dev\\appdata\\roaming\\undetected_chromedriver\\undetected\\chromedriver-win32\\chromedriver.exe' -> 'C:\\Users\\Arsalan-Dev\\appdata\\roaming\\undetected_chromedriver\\undetected_chromedriver.exe'
2025-05-02 22:52:25,516 - ERROR - User e279a794-c3d0-4fe1-a09d-7f625c1e9186: Error in IGC scraper setup after 7.89s: [WinError 183] Cannot create a file when that file already exists: 'C:\\Users\\Arsalan-Dev\\appdata\\roaming\\undetected_chromedriver\\undetected\\chromedriver-win32\\chromedriver.exe' -> 'C:\\Users\\Arsalan-Dev\\appdata\\roaming\\undetected_chromedriver\\undetected_chromedriver.exe'
2025-05-02 22:52:25,963 - INFO - Chrome driver set up in 0.86s
2025-05-02 22:52:25,978 - INFO - User 57c1f78f-8c83-4c79-aea4-9a0b33d66a8b: Searching part in Pilkington: 2000
2025-05-02 22:52:26,693 - INFO - Chrome driver set up in 1.18s
2025-05-02 22:52:26,717 - INFO - User e279a794-c3d0-4fe1-a09d-7f625c1e9186: Searching part in PGW: 1000
2025-05-02 22:52:26,801 - INFO - Not on search page, attempting to login first
2025-05-02 22:52:26,804 - INFO - Logging in to Buy PGW Auto Glass
2025-05-02 22:52:27,026 - INFO - Chrome driver set up in 1.04s
2025-05-02 22:52:27,029 - INFO - User 57c1f78f-8c83-4c79-aea4-9a0b33d66a8b: Searching part in MyGrant: 2000
2025-05-02 22:52:27,032 - INFO - Checking login status for MyGrant
2025-05-02 22:52:27,042 - INFO - Performing full login to MyGrant
2025-05-02 22:52:27,566 - INFO - Chrome driver set up in 0.82s
2025-05-02 22:52:27,567 - INFO - User e279a794-c3d0-4fe1-a09d-7f625c1e9186: Searching part in Pilkington: 1000
2025-05-02 22:52:28,302 - INFO - Chrome driver set up in 0.73s
2025-05-02 22:52:28,303 - INFO - User e279a794-c3d0-4fe1-a09d-7f625c1e9186: Searching part in MyGrant: 1000
2025-05-02 22:52:28,308 - INFO - Checking login status for MyGrant
2025-05-02 22:52:28,309 - INFO - [10.70s] Received result from IGC
2025-05-02 22:52:28,310 - INFO - Performing full login to MyGrant
2025-05-02 22:52:35,231 - INFO - Logging form - trying to login
2025-05-02 22:52:39,857 - ERROR - Login error: Message: 
Stacktrace:
	GetHandleVerifier [0x0122C7F3+24435]
	(No symbol) [0x011B2074]
	(No symbol) [0x010806E3]
	(No symbol) [0x010C8B39]
	(No symbol) [0x010C8E8B]
	(No symbol) [0x01111AC2]
	(No symbol) [0x010ED804]
	(No symbol) [0x0110F20A]
	(No symbol) [0x010ED5B6]
	(No symbol) [0x010BC54F]
	(No symbol) [0x010BD894]
	GetHandleVerifier [0x015370A3+3213347]
	GetHandleVerifier [0x0154B0C9+3295305]
	GetHandleVerifier [0x0154558C+3271948]
	GetHandleVerifier [0x012C7360+658144]
	(No symbol) [0x011BB27D]
	(No symbol) [0x011B8208]
	(No symbol) [0x011B83A9]
	(No symbol) [0x011AAAC0]
	BaseThreadInitThunk [0x756D5D49+25]
	RtlInitializeExceptionChain [0x7765CF0B+107]
	RtlGetAppContainerNamedObjectPath [0x7765CE91+561]

2025-05-02 22:52:39,858 - ERROR - Failed to login to MyGrant
2025-05-02 22:52:39,858 - INFO - User 57c1f78f-8c83-4c79-aea4-9a0b33d66a8b: MyGrant scraper completed in 13.88s
2025-05-02 22:52:39,866 - INFO - [27.98s] Received result from MyGrant
2025-05-02 22:52:39,948 - INFO - username inserted
2025-05-02 22:52:40,132 - INFO - password inserted
2025-05-02 22:52:40,330 - INFO - checkbox clicked
2025-05-02 22:52:40,653 - INFO - Logging form - trying to login
2025-05-02 22:52:40,870 - INFO - crendential submitted
2025-05-02 22:52:43,105 - ERROR - Login error: Message: 
Stacktrace:
	GetHandleVerifier [0x0122C7F3+24435]
	(No symbol) [0x011B2074]
	(No symbol) [0x010806E3]
	(No symbol) [0x010C8B39]
	(No symbol) [0x010C8E8B]
	(No symbol) [0x01111AC2]
	(No symbol) [0x010ED804]
	(No symbol) [0x0110F20A]
	(No symbol) [0x010ED5B6]
	(No symbol) [0x010BC54F]
	(No symbol) [0x010BD894]
	GetHandleVerifier [0x015370A3+3213347]
	GetHandleVerifier [0x0154B0C9+3295305]
	GetHandleVerifier [0x0154558C+3271948]
	GetHandleVerifier [0x012C7360+658144]
	(No symbol) [0x011BB27D]
	(No symbol) [0x011B8208]
	(No symbol) [0x011B83A9]
	(No symbol) [0x011AAAC0]
	BaseThreadInitThunk [0x756D5D49+25]
	RtlInitializeExceptionChain [0x7765CF0B+107]
	RtlGetAppContainerNamedObjectPath [0x7765CE91+561]

2025-05-02 22:52:43,105 - ERROR - Failed to login to MyGrant
2025-05-02 22:52:43,106 - INFO - User e279a794-c3d0-4fe1-a09d-7f625c1e9186: MyGrant scraper completed in 15.54s
2025-05-02 22:52:43,112 - INFO - [25.50s] Received result from MyGrant
2025-05-02 22:52:46,231 - INFO - Login successful - saved 3 cookies
2025-05-02 22:52:47,374 - INFO - username inserted
2025-05-02 22:52:47,564 - INFO - password inserted
2025-05-02 22:52:47,813 - INFO - checkbox clicked
2025-05-02 22:52:48,076 - ERROR - Login error: Message: unknown error: net::ERR_CONNECTION_TIMED_OUT
  (Session info: chrome=135.0.7049.115)
Stacktrace:
	GetHandleVerifier [0x0122C7F3+24435]
	(No symbol) [0x011B2074]
	(No symbol) [0x010806E3]
	(No symbol) [0x0107DB6E]
	(No symbol) [0x01071458]
	(No symbol) [0x01072D60]
	(No symbol) [0x010716E7]
	(No symbol) [0x01071243]
	(No symbol) [0x01070F51]
	(No symbol) [0x0106EE30]
	(No symbol) [0x0106F8BB]
	(No symbol) [0x0108419E]
	(No symbol) [0x0110FEE7]
	(No symbol) [0x010ED7BC]
	(No symbol) [0x0110F20A]
	(No symbol) [0x010ED5B6]
	(No symbol) [0x010BC54F]
	(No symbol) [0x010BD894]
	GetHandleVerifier [0x015370A3+3213347]
	GetHandleVerifier [0x0154B0C9+3295305]
	GetHandleVerifier [0x0154558C+3271948]
	GetHandleVerifier [0x012C7360+658144]
	(No symbol) [0x011BB27D]
	(No symbol) [0x011B8208]
	(No symbol) [0x011B83A9]
	(No symbol) [0x011AAAC0]
	BaseThreadInitThunk [0x756D5D49+25]
	RtlInitializeExceptionChain [0x7765CF0B+107]
	RtlGetAppContainerNamedObjectPath [0x7765CE91+561]

2025-05-02 22:52:48,078 - ERROR - Error in searchPart: Message: unknown error: net::ERR_CONNECTION_TIMED_OUT
  (Session info: chrome=135.0.7049.115)
Stacktrace:
	GetHandleVerifier [0x0122C7F3+24435]
	(No symbol) [0x011B2074]
	(No symbol) [0x010806E3]
	(No symbol) [0x0107DB6E]
	(No symbol) [0x01071458]
	(No symbol) [0x01072D60]
	(No symbol) [0x010716E7]
	(No symbol) [0x01071243]
	(No symbol) [0x01070F51]
	(No symbol) [0x0106EE30]
	(No symbol) [0x0106F8BB]
	(No symbol) [0x0108419E]
	(No symbol) [0x0110FEE7]
	(No symbol) [0x010ED7BC]
	(No symbol) [0x0110F20A]
	(No symbol) [0x010ED5B6]
	(No symbol) [0x010BC54F]
	(No symbol) [0x010BD894]
	GetHandleVerifier [0x015370A3+3213347]
	GetHandleVerifier [0x0154B0C9+3295305]
	GetHandleVerifier [0x0154558C+3271948]
	GetHandleVerifier [0x012C7360+658144]
	(No symbol) [0x011BB27D]
	(No symbol) [0x011B8208]
	(No symbol) [0x011B83A9]
	(No symbol) [0x011AAAC0]
	BaseThreadInitThunk [0x756D5D49+25]
	RtlInitializeExceptionChain [0x7765CF0B+107]
	RtlGetAppContainerNamedObjectPath [0x7765CE91+561]

2025-05-02 22:52:48,080 - INFO - User 57c1f78f-8c83-4c79-aea4-9a0b33d66a8b: PGW scraper completed in 23.85s
2025-05-02 22:52:48,106 - INFO - [36.22s] Received result from PGW
2025-05-02 22:52:51,732 - INFO - Search submitted, waiting for results...
2025-05-02 22:52:52,370 - ERROR - Login error: Message: unknown error: net::ERR_CONNECTION_TIMED_OUT
  (Session info: chrome=135.0.7049.115)
Stacktrace:
	GetHandleVerifier [0x0122C7F3+24435]
	(No symbol) [0x011B2074]
	(No symbol) [0x010806E3]
	(No symbol) [0x0107DB6E]
	(No symbol) [0x01071458]
	(No symbol) [0x01072D60]
	(No symbol) [0x010716E7]
	(No symbol) [0x01071243]
	(No symbol) [0x01070F51]
	(No symbol) [0x0106EE30]
	(No symbol) [0x0106F8BB]
	(No symbol) [0x0108419E]
	(No symbol) [0x0110FEE7]
	(No symbol) [0x010ED7BC]
	(No symbol) [0x0110F20A]
	(No symbol) [0x010ED5B6]
	(No symbol) [0x010BC54F]
	(No symbol) [0x010BD894]
	GetHandleVerifier [0x015370A3+3213347]
	GetHandleVerifier [0x0154B0C9+3295305]
	GetHandleVerifier [0x0154558C+3271948]
	GetHandleVerifier [0x012C7360+658144]
	(No symbol) [0x011BB27D]
	(No symbol) [0x011B8208]
	(No symbol) [0x011B83A9]
	(No symbol) [0x011AAAC0]
	BaseThreadInitThunk [0x756D5D49+25]
	RtlInitializeExceptionChain [0x7765CF0B+107]
	RtlGetAppContainerNamedObjectPath [0x7765CE91+561]

2025-05-02 22:52:52,378 - ERROR - Error in searchPart: Message: unknown error: net::ERR_CONNECTION_TIMED_OUT
  (Session info: chrome=135.0.7049.115)
Stacktrace:
	GetHandleVerifier [0x0122C7F3+24435]
	(No symbol) [0x011B2074]
	(No symbol) [0x010806E3]
	(No symbol) [0x0107DB6E]
	(No symbol) [0x01071458]
	(No symbol) [0x01072D60]
	(No symbol) [0x010716E7]
	(No symbol) [0x01071243]
	(No symbol) [0x01070F51]
	(No symbol) [0x0106EE30]
	(No symbol) [0x0106F8BB]
	(No symbol) [0x0108419E]
	(No symbol) [0x0110FEE7]
	(No symbol) [0x010ED7BC]
	(No symbol) [0x0110F20A]
	(No symbol) [0x010ED5B6]
	(No symbol) [0x010BC54F]
	(No symbol) [0x010BD894]
	GetHandleVerifier [0x015370A3+3213347]
	GetHandleVerifier [0x0154B0C9+3295305]
	GetHandleVerifier [0x0154558C+3271948]
	GetHandleVerifier [0x012C7360+658144]
	(No symbol) [0x011BB27D]
	(No symbol) [0x011B8208]
	(No symbol) [0x011B83A9]
	(No symbol) [0x011AAAC0]
	BaseThreadInitThunk [0x756D5D49+25]
	RtlInitializeExceptionChain [0x7765CF0B+107]
	RtlGetAppContainerNamedObjectPath [0x7765CE91+561]

2025-05-02 22:52:52,387 - INFO - User e279a794-c3d0-4fe1-a09d-7f625c1e9186: PGW scraper completed in 26.87s
2025-05-02 22:52:52,455 - INFO - [34.84s] Received result from PGW
2025-05-02 22:52:52,818 - INFO - crendential submitted
2025-05-02 22:52:53,395 - ERROR - Error in Pilkington scraper: Message: 

2025-05-02 22:52:53,397 - INFO - User 57c1f78f-8c83-4c79-aea4-9a0b33d66a8b: Pilkington scraper completed in 28.30s
2025-05-02 22:52:53,426 - INFO - [41.54s] Received result from Pilkington
2025-05-02 22:52:53,624 - INFO - Found 4 matching part numbers
2025-05-02 22:52:53,624 - INFO - Processing part detail for DW02000
2025-05-02 22:52:53,625 - INFO - Using direct URL: https://importglasscorp.com/glass/DW02000/
2025-05-02 22:52:54,861 - INFO - successfully login
2025-05-02 22:52:54,929 - INFO - Closed popup window
2025-05-02 22:52:54,930 - INFO - Searching part in Pilkington: 1000
2025-05-02 22:52:58,213 - INFO - Closed popup window
2025-05-02 22:53:03,384 - INFO - Location: Miami, FL.
2025-05-02 22:53:04,450 - INFO - Found 7 parts for 1000
2025-05-02 22:53:04,451 - INFO - User e279a794-c3d0-4fe1-a09d-7f625c1e9186: Pilkington scraper completed in 37.70s
2025-05-02 22:53:04,464 - INFO - [46.85s] Received result from Pilkington
2025-05-02 22:53:04,465 - INFO - User e279a794-c3d0-4fe1-a09d-7f625c1e9186: All scrapers completed in 46.85s
2025-05-02 22:53:04,466 - INFO - Completed search for 1000: 4 sources in 46.85s
2025-05-02 22:53:05,551 - INFO - Processing part detail for FW02000
2025-05-02 22:53:05,552 - INFO - Using direct URL: https://importglasscorp.com/glass/FW02000/
2025-05-02 22:53:18,205 - INFO - Found available part: FW02000, $237.97, Opa-Locka
2025-05-02 22:53:18,206 - INFO - Processing part detail for FD02000
2025-05-02 22:53:18,206 - INFO - Using direct URL: https://importglasscorp.com/glass/FD02000/
2025-05-02 22:53:24,247 - WARNING - User 57c1f78f-8c83-4c79-aea4-9a0b33d66a8b: IGC scraper timed out after 72.11s
2025-05-02 22:53:34,781 - INFO - [82.90s] Received result from IGC
2025-05-02 22:53:34,782 - INFO - User 57c1f78f-8c83-4c79-aea4-9a0b33d66a8b: All scrapers completed in 82.89s
2025-05-02 22:53:34,783 - INFO - Completed search for 2000: 4 sources in 82.90s
2025-05-02 22:53:34,800 - WARNING - Connection pool is full, discarding connection: localhost. Connection pool size: 1
2025-05-02 22:53:35,048 - INFO - Processing part detail for WKTF2000
2025-05-02 22:53:35,048 - INFO - Using direct URL: https://importglasscorp.com/glass/WKTF2000/
2025-05-02 22:53:37,380 - INFO - Final results count: 1
2025-05-02 22:55:21,638 - INFO -  * Detected change in 'c:\\Users\\Arsalan-Dev\\Desktop\\newdevelop\\Streamlit-PartsScraper\\app.py', reloading
2025-05-02 22:55:22,017 - INFO -  * Restarting with stat
2025-05-02 22:55:24,389 - WARNING -  * Debugger is active!
2025-05-02 22:55:24,392 - INFO -  * Debugger PIN: 621-090-782
2025-05-02 22:55:29,859 - INFO - 192.168.170.69 - - [02/May/2025 22:55:29] "GET /part-search/2000 HTTP/1.1" 200 -
2025-05-02 22:55:36,125 - INFO - patching driver executable C:\Users\Arsalan-Dev\appdata\roaming\undetected_chromedriver\undetected_chromedriver.exe
2025-05-02 22:55:39,546 - INFO - Chrome driver set up in 9.42s
2025-05-02 22:55:39,547 - INFO - User 5ade389b-e572-4e2f-84ac-83d6c40fd31a: Searching part in IGC: 2000
2025-05-02 22:55:39,547 - INFO - Searching part in IGC: 2000
2025-05-02 22:55:39,548 - INFO - Logging in to Import Glass Corp
2025-05-02 22:55:40,174 - INFO - Chrome driver set up in 0.63s
2025-05-02 22:55:40,174 - INFO - User 5ade389b-e572-4e2f-84ac-83d6c40fd31a: Searching part in PGW: 2000
2025-05-02 22:55:40,248 - INFO - Not on search page, attempting to login first
2025-05-02 22:55:40,250 - INFO - Logging in to Buy PGW Auto Glass
2025-05-02 22:55:41,015 - INFO - Chrome driver set up in 0.84s
2025-05-02 22:55:41,016 - INFO - User 5ade389b-e572-4e2f-84ac-83d6c40fd31a: Searching part in Pilkington: 2000
2025-05-02 22:55:41,738 - INFO - Chrome driver set up in 0.72s
2025-05-02 22:55:41,739 - INFO - User 5ade389b-e572-4e2f-84ac-83d6c40fd31a: Searching part in MyGrant: 2000
2025-05-02 22:55:41,739 - INFO - Checking login status for MyGrant
2025-05-02 22:55:41,740 - INFO - Performing full login to MyGrant
2025-05-02 22:55:54,420 - ERROR - Login error: Message: 
Stacktrace:
	GetHandleVerifier [0x0125C7F3+24435]
	(No symbol) [0x011E2074]
	(No symbol) [0x010B06E3]
	(No symbol) [0x010F8B39]
	(No symbol) [0x010F8E8B]
	(No symbol) [0x01141AC2]
	(No symbol) [0x0111D804]
	(No symbol) [0x0113F20A]
	(No symbol) [0x0111D5B6]
	(No symbol) [0x010EC54F]
	(No symbol) [0x010ED894]
	GetHandleVerifier [0x015670A3+3213347]
	GetHandleVerifier [0x0157B0C9+3295305]
	GetHandleVerifier [0x0157558C+3271948]
	GetHandleVerifier [0x012F7360+658144]
	(No symbol) [0x011EB27D]
	(No symbol) [0x011E8208]
	(No symbol) [0x011E83A9]
	(No symbol) [0x011DAAC0]
	BaseThreadInitThunk [0x756D5D49+25]
	RtlInitializeExceptionChain [0x7765CF0B+107]
	RtlGetAppContainerNamedObjectPath [0x7765CE91+561]

2025-05-02 22:55:54,422 - ERROR - Failed to login to MyGrant
2025-05-02 22:55:54,422 - INFO - User 5ade389b-e572-4e2f-84ac-83d6c40fd31a: MyGrant scraper completed in 13.40s
2025-05-02 22:55:54,433 - INFO - 192.168.170.69 - - [02/May/2025 22:55:54] "GET /products/2000 HTTP/1.1" 200 -
2025-05-02 22:56:01,709 - INFO -  * Detected change in 'c:\\Users\\Arsalan-Dev\\Desktop\\newdevelop\\Streamlit-PartsScraper\\partScraper.py', reloading
2025-05-02 22:56:01,789 - INFO - Login successful - saved 3 cookies
2025-05-02 22:56:02,006 - ERROR - Login error: Message: unknown error: net::ERR_CONNECTION_TIMED_OUT
  (Session info: chrome=135.0.7049.115)
Stacktrace:
	GetHandleVerifier [0x0125C7F3+24435]
	(No symbol) [0x011E2074]
	(No symbol) [0x010B06E3]
	(No symbol) [0x010ADB6E]
	(No symbol) [0x010A1458]
	(No symbol) [0x010A2D60]
	(No symbol) [0x010A16E7]
	(No symbol) [0x010A1243]
	(No symbol) [0x010A0F51]
	(No symbol) [0x0109EE30]
	(No symbol) [0x0109F8BB]
	(No symbol) [0x010B419E]
	(No symbol) [0x0113FEE7]
	(No symbol) [0x0111D7BC]
	(No symbol) [0x0113F20A]
	(No symbol) [0x0111D5B6]
	(No symbol) [0x010EC54F]
	(No symbol) [0x010ED894]
	GetHandleVerifier [0x015670A3+3213347]
	GetHandleVerifier [0x0157B0C9+3295305]
	GetHandleVerifier [0x0157558C+3271948]
	GetHandleVerifier [0x012F7360+658144]
	(No symbol) [0x011EB27D]
	(No symbol) [0x011E8208]
	(No symbol) [0x011E83A9]
	(No symbol) [0x011DAAC0]
	BaseThreadInitThunk [0x756D5D49+25]
	RtlInitializeExceptionChain [0x7765CF0B+107]
	RtlGetAppContainerNamedObjectPath [0x7765CE91+561]

2025-05-02 22:56:02,006 - ERROR - Error in searchPart: Message: unknown error: net::ERR_CONNECTION_TIMED_OUT
  (Session info: chrome=135.0.7049.115)
Stacktrace:
	GetHandleVerifier [0x0125C7F3+24435]
	(No symbol) [0x011E2074]
	(No symbol) [0x010B06E3]
	(No symbol) [0x010ADB6E]
	(No symbol) [0x010A1458]
	(No symbol) [0x010A2D60]
	(No symbol) [0x010A16E7]
	(No symbol) [0x010A1243]
	(No symbol) [0x010A0F51]
	(No symbol) [0x0109EE30]
	(No symbol) [0x0109F8BB]
	(No symbol) [0x010B419E]
	(No symbol) [0x0113FEE7]
	(No symbol) [0x0111D7BC]
	(No symbol) [0x0113F20A]
	(No symbol) [0x0111D5B6]
	(No symbol) [0x010EC54F]
	(No symbol) [0x010ED894]
	GetHandleVerifier [0x015670A3+3213347]
	GetHandleVerifier [0x0157B0C9+3295305]
	GetHandleVerifier [0x0157558C+3271948]
	GetHandleVerifier [0x012F7360+658144]
	(No symbol) [0x011EB27D]
	(No symbol) [0x011E8208]
	(No symbol) [0x011E83A9]
	(No symbol) [0x011DAAC0]
	BaseThreadInitThunk [0x756D5D49+25]
	RtlInitializeExceptionChain [0x7765CF0B+107]
	RtlGetAppContainerNamedObjectPath [0x7765CE91+561]

2025-05-02 22:56:02,008 - INFO - User 5ade389b-e572-4e2f-84ac-83d6c40fd31a: PGW scraper completed in 22.46s
2025-05-02 22:56:03,536 - ERROR - Error searching for part number 2000 on IGC: ('Connection aborted.', ConnectionResetError(10054, 'An existing connection was forcibly closed by the remote host', None, 10054, None))
2025-05-02 22:56:03,537 - ERROR - Error in Pilkington scraper: ('Connection aborted.', ConnectionResetError(10054, 'An existing connection was forcibly closed by the remote host', None, 10054, None))
2025-05-02 22:56:03,539 - INFO - User 5ade389b-e572-4e2f-84ac-83d6c40fd31a: IGC scraper completed in 33.41s
2025-05-02 22:56:14,522 - INFO - [31m[1mWARNING: This is a development server. Do not use it in a production deployment. Use a production WSGI server instead.[0m
 * Running on all addresses (0.0.0.0)
 * Running on http://127.0.0.1:5000
 * Running on http://192.168.170.69:5000
2025-05-02 22:56:14,523 - INFO - [33mPress CTRL+C to quit[0m
2025-05-02 22:56:14,526 - INFO -  * Restarting with stat
2025-05-02 22:56:16,707 - WARNING -  * Debugger is active!
2025-05-02 22:56:16,713 - INFO -  * Debugger PIN: 621-090-782
2025-05-02 22:56:41,526 - INFO - [31m[1mWARNING: This is a development server. Do not use it in a production deployment. Use a production WSGI server instead.[0m
 * Running on all addresses (0.0.0.0)
 * Running on http://127.0.0.1:1120
 * Running on http://192.168.170.69:1120
2025-05-02 22:56:41,527 - INFO - [33mPress CTRL+C to quit[0m
2025-05-02 22:56:41,531 - INFO -  * Restarting with stat
2025-05-02 22:56:43,636 - WARNING -  * Debugger is active!
2025-05-02 22:56:43,639 - INFO -  * Debugger PIN: 621-090-782
2025-05-02 23:28:34,816 - INFO -  * Detected change in 'c:\\Users\\Arsalan-Dev\\Desktop\\newdevelop\\Streamlit-PartsScraper\\partScraper.py', reloading
2025-05-02 23:28:34,950 - INFO -  * Restarting with stat
2025-05-02 23:28:36,345 - WARNING -  * Debugger is active!
2025-05-02 23:28:36,347 - INFO -  * Debugger PIN: 621-090-782
2025-05-02 23:29:12,023 - INFO -  * Detected change in 'c:\\Users\\Arsalan-Dev\\Desktop\\newdevelop\\Streamlit-PartsScraper\\app.py', reloading
2025-05-02 23:29:12,151 - INFO -  * Restarting with stat
